Using pre-set license
Built from '2020.3/staging' branch; Version is '2020.3.3f1 (76626098c1c4) revision 7758432'; Using compiler version '192528614'; Build Type 'Release'
OS: 'Windows 10 Pro; OS build 22000.556; Version 2009; 64bit' Language: 'pt' Physical Memory: 15743 MB
BatchMode: 1, IsHumanControllingUs: 0, StartBugReporterOnCrash: 0, Is64bit: 1, IsPro: 0

 COMMAND LINE ARGUMENTS:
C:\Program Files\Unity\Hub\Editor\2020.3.3f1\Editor\Unity.exe
-adb2
-batchMode
-noUpm
-name
AssetImportWorker0
-projectPath
C:/Users/gabri/Unity/2D-GAME
-logFile
Logs/AssetImportWorker0.log
-srvPort
64724
Successfully changed project path to: C:/Users/gabri/Unity/2D-GAME
C:/Users/gabri/Unity/2D-GAME
Using Asset Import Pipeline V2.
Refreshing native plugins compatible for Editor in 32.30 ms, found 1 plugins.
Preloading 0 native plugins for Editor in 0.00 ms.
Initialize engine version: 2020.3.3f1 (76626098c1c4)
[Subsystems] Discovering subsystems at path C:/Program Files/Unity/Hub/Editor/2020.3.3f1/Editor/Data/Resources/UnitySubsystems
[Subsystems] Discovering subsystems at path C:/Users/gabri/Unity/2D-GAME/Assets
GfxDevice: creating device client; threaded=0
Direct3D:
    Version:  Direct3D 11.0 [level 11.1]
    Renderer: Radeon RX550/550 Series (ID=0x699f)
    Vendor:   
    VRAM:     4076 MB
    Driver:   30.0.13023.4001
Initialize mono
Mono path[0] = 'C:/Program Files/Unity/Hub/Editor/2020.3.3f1/Editor/Data/Managed'
Mono path[1] = 'C:/Program Files/Unity/Hub/Editor/2020.3.3f1/Editor/Data/MonoBleedingEdge/lib/mono/unityjit'
Mono config path = 'C:/Program Files/Unity/Hub/Editor/2020.3.3f1/Editor/Data/MonoBleedingEdge/etc'
Using monoOptions --debugger-agent=transport=dt_socket,embedding=1,server=y,suspend=n,address=127.0.0.1:56252
Begin MonoManager ReloadAssembly
Registering precompiled unity dll's ...
Register platform support module: C:/Program Files/Unity/Hub/Editor/2020.3.3f1/Editor/Data/PlaybackEngines/WindowsStandaloneSupport/UnityEditor.WindowsStandalone.Extensions.dll
Registered in 0.001022 seconds.
Native extension for WindowsStandalone target not found
Refreshing native plugins compatible for Editor in 30.56 ms, found 1 plugins.
Preloading 0 native plugins for Editor in 0.00 ms.
Invoked RoslynAnalysisRunner static constructor.
RoslynAnalysisRunner will not be running.
RoslynAnalysisRunner has terminated.
Mono: successfully reloaded assembly
- Completed reload, in  0.805 seconds
Platform modules already initialized, skipping
Registering precompiled user dll's ...
Registered in 0.000926 seconds.
Begin MonoManager ReloadAssembly
Native extension for WindowsStandalone target not found
Refreshing native plugins compatible for Editor in 36.81 ms, found 1 plugins.
Preloading 0 native plugins for Editor in 0.00 ms.
Invoked RoslynAnalysisRunner static constructor.
RoslynAnalysisRunner will not be running.
RoslynAnalysisRunner has terminated.
Mono: successfully reloaded assembly
- Completed reload, in  0.684 seconds
Platform modules already initialized, skipping
========================================================================
Worker process is ready to serve import requests
Launched and connected shader compiler UnityShaderCompiler.exe after 0.23 seconds
Refreshing native plugins compatible for Editor in 0.37 ms, found 1 plugins.
Preloading 0 native plugins for Editor in 0.00 ms.
Unloading 1811 Unused Serialized files (Serialized files now loaded: 0)
System memory in use before: 84.9 MB.
System memory in use after: 84.9 MB.

Unloading 24 unused Assets to reduce memory usage. Loaded Objects now: 2254.
Total: 1.937900 ms (FindLiveObjects: 0.272000 ms CreateObjectMapping: 0.052500 ms MarkObjects: 1.501300 ms  DeleteObjects: 0.111200 ms)

========================================================================
Received Import Request.
  path: Assets/Prefabs/Player.prefab
  artifactKey: Guid(a9ec893b3fe84e64ca970cc6bd1b169d) Importer(815301076,1909f56bfc062723c751e8b465ee728b)
Start importing Assets/Prefabs/Player.prefab using Guid(a9ec893b3fe84e64ca970cc6bd1b169d) Importer(815301076,1909f56bfc062723c751e8b465ee728b)  -> (artifact id: 'e8fcbb8e9af2e1d3dd33f5917a2adba1') in 0.093842 seconds
  Import took 0.096888 seconds .

========================================================================
Received Import Request.
  Time since last request: 40.024675 seconds.
  path: Assets/Pixel Adventure 1/Scenes/Demo.unity
  artifactKey: Guid(270a4e3bd522ecd4388836fc2547b5eb) Importer(815301076,1909f56bfc062723c751e8b465ee728b)
Start importing Assets/Pixel Adventure 1/Scenes/Demo.unity using Guid(270a4e3bd522ecd4388836fc2547b5eb) Importer(815301076,1909f56bfc062723c751e8b465ee728b)  -> (artifact id: '60ae2f52f4114906f1df4b7340127a34') in 0.006050 seconds
  Import took 0.008627 seconds .

========================================================================
Received Import Request.
  Time since last request: 0.004378 seconds.
  path: Assets/Pixel Adventure 1/Scenes/Demo.unity
  artifactKey: Guid(270a4e3bd522ecd4388836fc2547b5eb) Importer(815301076,1909f56bfc062723c751e8b465ee728b)
Start importing Assets/Pixel Adventure 1/Scenes/Demo.unity using Guid(270a4e3bd522ecd4388836fc2547b5eb) Importer(815301076,1909f56bfc062723c751e8b465ee728b)  -> (artifact id: '60ae2f52f4114906f1df4b7340127a34') in 0.002628 seconds
  Import took 0.005253 seconds .

========================================================================
Received Import Request.
  Time since last request: 29.745453 seconds.
  path: Assets/Pixel Adventure 1/Scenes/Level_1.unity
  artifactKey: Guid(270a4e3bd522ecd4388836fc2547b5eb) Importer(815301076,1909f56bfc062723c751e8b465ee728b)
Start importing Assets/Pixel Adventure 1/Scenes/Level_1.unity using Guid(270a4e3bd522ecd4388836fc2547b5eb) Importer(815301076,1909f56bfc062723c751e8b465ee728b)  -> (artifact id: '498154ea3300305eb8dde0276f2f4956') in 0.005606 seconds
  Import took 0.008517 seconds .

========================================================================
Received Import Request.
  Time since last request: 78.946636 seconds.
  path: Assets/Scenes/SampleScene.unity
  artifactKey: Guid(2cda990e2423bbf4892e6590ba056729) Importer(815301076,1909f56bfc062723c751e8b465ee728b)
Start importing Assets/Scenes/SampleScene.unity using Guid(2cda990e2423bbf4892e6590ba056729) Importer(815301076,1909f56bfc062723c751e8b465ee728b)  -> (artifact id: '516a8be8a4df6c8b64e8466a89d6f329') in 0.006327 seconds
  Import took 0.009133 seconds .

========================================================================
Received Prepare
Registering precompiled user dll's ...
Registered in 0.000753 seconds.
Begin MonoManager ReloadAssembly
Native extension for WindowsStandalone target not found
Refreshing native plugins compatible for Editor in 0.36 ms, found 1 plugins.
Preloading 0 native plugins for Editor in 0.00 ms.
Invoked RoslynAnalysisRunner static constructor.
RoslynAnalysisRunner will not be running.
RoslynAnalysisRunner has terminated.
Mono: successfully reloaded assembly
- Completed reload, in  0.598 seconds
Platform modules already initialized, skipping
Refreshing native plugins compatible for Editor in 0.38 ms, found 1 plugins.
Preloading 0 native plugins for Editor in 0.00 ms.
Unloading 1806 Unused Serialized files (Serialized files now loaded: 0)
System memory in use before: 88.0 MB.
System memory in use after: 88.0 MB.

Unloading 12 unused Assets to reduce memory usage. Loaded Objects now: 2265.
Total: 1.817700 ms (FindLiveObjects: 0.191200 ms CreateObjectMapping: 0.042900 ms MarkObjects: 1.491600 ms  DeleteObjects: 0.090800 ms)

========================================================================
Received Prepare
Registering precompiled user dll's ...
Registered in 0.000759 seconds.
Begin MonoManager ReloadAssembly
Native extension for WindowsStandalone target not found
Refreshing native plugins compatible for Editor in 0.38 ms, found 1 plugins.
Preloading 0 native plugins for Editor in 0.00 ms.
Invoked RoslynAnalysisRunner static constructor.
RoslynAnalysisRunner will not be running.
RoslynAnalysisRunner has terminated.
Mono: successfully reloaded assembly
- Completed reload, in  0.684 seconds
Platform modules already initialized, skipping
Refreshing native plugins compatible for Editor in 0.38 ms, found 1 plugins.
Preloading 0 native plugins for Editor in 0.00 ms.
Unloading 1806 Unused Serialized files (Serialized files now loaded: 0)
System memory in use before: 88.0 MB.
System memory in use after: 88.0 MB.

Unloading 12 unused Assets to reduce memory usage. Loaded Objects now: 2269.
Total: 1.893500 ms (FindLiveObjects: 0.319500 ms CreateObjectMapping: 0.047600 ms MarkObjects: 1.420600 ms  DeleteObjects: 0.103800 ms)

========================================================================
Received Prepare
Registering precompiled user dll's ...
Registered in 0.000975 seconds.
Begin MonoManager ReloadAssembly
Native extension for WindowsStandalone target not found
Refreshing native plugins compatible for Editor in 0.38 ms, found 1 plugins.
Preloading 0 native plugins for Editor in 0.00 ms.
Invoked RoslynAnalysisRunner static constructor.
RoslynAnalysisRunner will not be running.
RoslynAnalysisRunner has terminated.
Mono: successfully reloaded assembly
- Completed reload, in  0.584 seconds
Platform modules already initialized, skipping
Refreshing native plugins compatible for Editor in 0.35 ms, found 1 plugins.
Preloading 0 native plugins for Editor in 0.00 ms.
Unloading 1806 Unused Serialized files (Serialized files now loaded: 0)
System memory in use before: 88.1 MB.
System memory in use after: 88.0 MB.

Unloading 12 unused Assets to reduce memory usage. Loaded Objects now: 2273.
Total: 1.982600 ms (FindLiveObjects: 0.187700 ms CreateObjectMapping: 0.044800 ms MarkObjects: 1.655100 ms  DeleteObjects: 0.094100 ms)

========================================================================
Received Import Request.
  Time since last request: 513.692634 seconds.
  path: Assets/Scenes/lvl_1.unity
  artifactKey: Guid(2cda990e2423bbf4892e6590ba056729) Importer(815301076,1909f56bfc062723c751e8b465ee728b)
Start importing Assets/Scenes/lvl_1.unity using Guid(2cda990e2423bbf4892e6590ba056729) Importer(815301076,1909f56bfc062723c751e8b465ee728b)  -> (artifact id: 'e5d49225b38f810660083e1829b49304') in 0.012844 seconds
  Import took 0.015885 seconds .

========================================================================
Received Import Request.
  Time since last request: 8.830325 seconds.
  path: Assets/Tiles/Terrain (16x16)_0.asset
  artifactKey: Guid(3c79f95cb6395bc40909310d520f6c0c) Importer(815301076,1909f56bfc062723c751e8b465ee728b)
Start importing Assets/Tiles/Terrain (16x16)_0.asset using Guid(3c79f95cb6395bc40909310d520f6c0c) Importer(815301076,1909f56bfc062723c751e8b465ee728b)  -> (artifact id: '04d1f78a9ba1bcd4d8ffbce651c99ac3') in 0.040185 seconds
  Import took 0.043427 seconds .

========================================================================
Received Import Request.
  Time since last request: 0.000138 seconds.
  path: Assets/Tiles/Terrain (16x16)_2.asset
  artifactKey: Guid(5915d86ffd58fe74dae4e24f6a3c0b38) Importer(815301076,1909f56bfc062723c751e8b465ee728b)
Start importing Assets/Tiles/Terrain (16x16)_2.asset using Guid(5915d86ffd58fe74dae4e24f6a3c0b38) Importer(815301076,1909f56bfc062723c751e8b465ee728b)  -> (artifact id: 'c93a39d16a2012f0a32ae688c5017112') in 0.009845 seconds
  Import took 0.013230 seconds .

========================================================================
Received Import Request.
  Time since last request: 0.000133 seconds.
  path: Assets/Tiles/Terrain (16x16)_5.asset
  artifactKey: Guid(b6125210d6677b849809a34c8df78f99) Importer(815301076,1909f56bfc062723c751e8b465ee728b)
Start importing Assets/Tiles/Terrain (16x16)_5.asset using Guid(b6125210d6677b849809a34c8df78f99) Importer(815301076,1909f56bfc062723c751e8b465ee728b)  -> (artifact id: '796f2dba299e06cb44b373330db8152c') in 0.008568 seconds
  Import took 0.011574 seconds .

========================================================================
Received Import Request.
  Time since last request: 0.000119 seconds.
  path: Assets/Tiles/Terrain (16x16)_6.asset
  artifactKey: Guid(15190ea6714fdc045855d4002ca84bfd) Importer(815301076,1909f56bfc062723c751e8b465ee728b)
Start importing Assets/Tiles/Terrain (16x16)_6.asset using Guid(15190ea6714fdc045855d4002ca84bfd) Importer(815301076,1909f56bfc062723c751e8b465ee728b)  -> (artifact id: '964f3cd2b91331730a8bf5faf72cb7f0') in 0.012823 seconds
  Import took 0.015239 seconds .

========================================================================
Received Import Request.
  Time since last request: 0.000118 seconds.
  path: Assets/Tiles/Terrain (16x16)_7.asset
  artifactKey: Guid(4836d41255d1de44280d560538248d7c) Importer(815301076,1909f56bfc062723c751e8b465ee728b)
Start importing Assets/Tiles/Terrain (16x16)_7.asset using Guid(4836d41255d1de44280d560538248d7c) Importer(815301076,1909f56bfc062723c751e8b465ee728b)  -> (artifact id: 'b645f81e67e78e01e46190a9b384a95d') in 0.008943 seconds
  Import took 0.011441 seconds .

========================================================================
Received Import Request.
  Time since last request: 0.000127 seconds.
  path: Assets/Tiles/Terrain (16x16)_4.asset
  artifactKey: Guid(27f7018430ea0c3479d45c6408641181) Importer(815301076,1909f56bfc062723c751e8b465ee728b)
Start importing Assets/Tiles/Terrain (16x16)_4.asset using Guid(27f7018430ea0c3479d45c6408641181) Importer(815301076,1909f56bfc062723c751e8b465ee728b)  -> (artifact id: '83da568719f2bd7007ce605416317a88') in 0.006846 seconds
  Import took 0.009534 seconds .

========================================================================
Received Import Request.
  Time since last request: 0.000131 seconds.
  path: Assets/Tiles/Terrain (16x16)_11.asset
  artifactKey: Guid(bc07a016fca88434ba0bec82b59bd39d) Importer(815301076,1909f56bfc062723c751e8b465ee728b)
Start importing Assets/Tiles/Terrain (16x16)_11.asset using Guid(bc07a016fca88434ba0bec82b59bd39d) Importer(815301076,1909f56bfc062723c751e8b465ee728b)  -> (artifact id: '8f0adb9c676ecbf04e80f7afcc1f773c') in 0.006578 seconds
  Import took 0.009475 seconds .

========================================================================
Received Import Request.
  Time since last request: 0.000151 seconds.
  path: Assets/Tiles/Terrain (16x16)_10.asset
  artifactKey: Guid(8e9f972501ae77c4c875240eb50f6b43) Importer(815301076,1909f56bfc062723c751e8b465ee728b)
Start importing Assets/Tiles/Terrain (16x16)_10.asset using Guid(8e9f972501ae77c4c875240eb50f6b43) Importer(815301076,1909f56bfc062723c751e8b465ee728b)  -> (artifact id: '671c5cd13da4096a755df3ff71a7c592') in 0.006335 seconds
  Import took 0.009017 seconds .

========================================================================
Received Import Request.
  Time since last request: 0.000120 seconds.
  path: Assets/Tiles/Terrain (16x16)_19.asset
  artifactKey: Guid(0bb1485da98b18f49871113576c9d834) Importer(815301076,1909f56bfc062723c751e8b465ee728b)
Start importing Assets/Tiles/Terrain (16x16)_19.asset using Guid(0bb1485da98b18f49871113576c9d834) Importer(815301076,1909f56bfc062723c751e8b465ee728b)  -> (artifact id: '7837d79634b5e35c715179c309f65bee') in 0.007357 seconds
  Import took 0.010047 seconds .

========================================================================
Received Import Request.
  Time since last request: 0.000136 seconds.
  path: Assets/Tiles/Terrain (16x16)_18.asset
  artifactKey: Guid(353884737d2110b41a9ee9db9efca2dc) Importer(815301076,1909f56bfc062723c751e8b465ee728b)
Start importing Assets/Tiles/Terrain (16x16)_18.asset using Guid(353884737d2110b41a9ee9db9efca2dc) Importer(815301076,1909f56bfc062723c751e8b465ee728b)  -> (artifact id: '43a93c9fae370f97cb001b2836f35d0f') in 0.006587 seconds
  Import took 0.009560 seconds .

========================================================================
Received Import Request.
  Time since last request: 0.000141 seconds.
  path: Assets/Tiles/Terrain (16x16)_21.asset
  artifactKey: Guid(05c999a5c3ca0eb4c837e9005626fccd) Importer(815301076,1909f56bfc062723c751e8b465ee728b)
Start importing Assets/Tiles/Terrain (16x16)_21.asset using Guid(05c999a5c3ca0eb4c837e9005626fccd) Importer(815301076,1909f56bfc062723c751e8b465ee728b)  -> (artifact id: '163a7684f699533594ae17d70c0bf8c1') in 0.007308 seconds
  Import took 0.010230 seconds .

========================================================================
Received Import Request.
  Time since last request: 0.000137 seconds.
  path: Assets/Tiles/Terrain (16x16)_20.asset
  artifactKey: Guid(0fdf7b38c9b8f8443a5840d470754e37) Importer(815301076,1909f56bfc062723c751e8b465ee728b)
Start importing Assets/Tiles/Terrain (16x16)_20.asset using Guid(0fdf7b38c9b8f8443a5840d470754e37) Importer(815301076,1909f56bfc062723c751e8b465ee728b)  -> (artifact id: '092fc031dee6901d8e9653a7d5e5effa') in 0.006432 seconds
  Import took 0.009241 seconds .

========================================================================
Received Import Request.
  Time since last request: 0.000119 seconds.
  path: Assets/Tiles/Terrain (16x16)_15.asset
  artifactKey: Guid(dae0995af02bd264198814bc1bed6d65) Importer(815301076,1909f56bfc062723c751e8b465ee728b)
Start importing Assets/Tiles/Terrain (16x16)_15.asset using Guid(dae0995af02bd264198814bc1bed6d65) Importer(815301076,1909f56bfc062723c751e8b465ee728b)  -> (artifact id: '9a7574bd1dfb94ac9b3df763a3fad2b0') in 0.006479 seconds
  Import took 0.008901 seconds .

========================================================================
Received Import Request.
  Time since last request: 0.000125 seconds.
  path: Assets/Tiles/Terrain (16x16)_13.asset
  artifactKey: Guid(c33055ddcc895004485737c488bb2002) Importer(815301076,1909f56bfc062723c751e8b465ee728b)
Start importing Assets/Tiles/Terrain (16x16)_13.asset using Guid(c33055ddcc895004485737c488bb2002) Importer(815301076,1909f56bfc062723c751e8b465ee728b)  -> (artifact id: 'd2cda3bfba69dafd86638fe10d71ac6d') in 0.007920 seconds
  Import took 0.010126 seconds .

========================================================================
Received Import Request.
  Time since last request: 0.000144 seconds.
  path: Assets/Tiles/Terrain (16x16)_23.asset
  artifactKey: Guid(1fc3fca96ffd55a43a6c10d5beacbc3d) Importer(815301076,1909f56bfc062723c751e8b465ee728b)
Start importing Assets/Tiles/Terrain (16x16)_23.asset using Guid(1fc3fca96ffd55a43a6c10d5beacbc3d) Importer(815301076,1909f56bfc062723c751e8b465ee728b)  -> (artifact id: 'ab55820b13dc940064a8c49396dcec30') in 0.007164 seconds
  Import took 0.010183 seconds .

========================================================================
Received Import Request.
  Time since last request: 0.000136 seconds.
  path: Assets/Tiles/Terrain (16x16)_24.asset
  artifactKey: Guid(8256c4912b37c3741b41289c9721b369) Importer(815301076,1909f56bfc062723c751e8b465ee728b)
Start importing Assets/Tiles/Terrain (16x16)_24.asset using Guid(8256c4912b37c3741b41289c9721b369) Importer(815301076,1909f56bfc062723c751e8b465ee728b)  -> (artifact id: '39ecee1c30af530b582df6b35f992af0') in 0.007542 seconds
  Import took 0.010918 seconds .

========================================================================
Received Import Request.
  Time since last request: 0.000118 seconds.
  path: Assets/Tiles/Terrain (16x16)_14.asset
  artifactKey: Guid(1871336cf23b505469e85543c5af2579) Importer(815301076,1909f56bfc062723c751e8b465ee728b)
Start importing Assets/Tiles/Terrain (16x16)_14.asset using Guid(1871336cf23b505469e85543c5af2579) Importer(815301076,1909f56bfc062723c751e8b465ee728b)  -> (artifact id: '00b328b6810f9656fd66476aa1ad2971') in 0.006556 seconds
  Import took 0.009024 seconds .

========================================================================
Received Import Request.
  Time since last request: 0.000127 seconds.
  path: Assets/Tiles/Terrain (16x16)_16.asset
  artifactKey: Guid(1c7a61acc5eb6c441be3c085cb2b67e6) Importer(815301076,1909f56bfc062723c751e8b465ee728b)
Start importing Assets/Tiles/Terrain (16x16)_16.asset using Guid(1c7a61acc5eb6c441be3c085cb2b67e6) Importer(815301076,1909f56bfc062723c751e8b465ee728b)  -> (artifact id: 'c41d04ec1fcc77e852e7713e776dc979') in 0.006986 seconds
  Import took 0.009215 seconds .

========================================================================
Received Import Request.
  Time since last request: 0.000139 seconds.
  path: Assets/Tiles/Terrain (16x16)_17.asset
  artifactKey: Guid(32efb683d1b771e4c8c0e6702201d3f3) Importer(815301076,1909f56bfc062723c751e8b465ee728b)
Start importing Assets/Tiles/Terrain (16x16)_17.asset using Guid(32efb683d1b771e4c8c0e6702201d3f3) Importer(815301076,1909f56bfc062723c751e8b465ee728b)  -> (artifact id: '2f756596db160080da57dcb3ac180e0b') in 0.006124 seconds
  Import took 0.008490 seconds .

========================================================================
Received Import Request.
  Time since last request: 0.000139 seconds.
  path: Assets/Tiles/Terrain (16x16)_3.asset
  artifactKey: Guid(9af906c17f8170c4fa2cd257c67a12fe) Importer(815301076,1909f56bfc062723c751e8b465ee728b)
Start importing Assets/Tiles/Terrain (16x16)_3.asset using Guid(9af906c17f8170c4fa2cd257c67a12fe) Importer(815301076,1909f56bfc062723c751e8b465ee728b)  -> (artifact id: '0325921999bb1d83ac9fecd75c029ce6') in 0.006925 seconds
  Import took 0.009740 seconds .

========================================================================
Received Import Request.
  Time since last request: 0.000140 seconds.
  path: Assets/Tiles/Terrain (16x16)_8.asset
  artifactKey: Guid(278f89b321c901c40a6913094046d294) Importer(815301076,1909f56bfc062723c751e8b465ee728b)
Start importing Assets/Tiles/Terrain (16x16)_8.asset using Guid(278f89b321c901c40a6913094046d294) Importer(815301076,1909f56bfc062723c751e8b465ee728b)  -> (artifact id: '67bbe079760ceab79a60c9fddf36136a') in 0.007706 seconds
  Import took 0.010384 seconds .

========================================================================
Received Import Request.
  Time since last request: 0.000166 seconds.
  path: Assets/Tiles/Terrain (16x16)_22.asset
  artifactKey: Guid(83dbe4178203dd740b30ee34e7b3b341) Importer(815301076,1909f56bfc062723c751e8b465ee728b)
Start importing Assets/Tiles/Terrain (16x16)_22.asset using Guid(83dbe4178203dd740b30ee34e7b3b341) Importer(815301076,1909f56bfc062723c751e8b465ee728b)  -> (artifact id: '7489a4c1a350ef2919790a70b3dd662b') in 0.006211 seconds
  Import took 0.008757 seconds .

========================================================================
Received Import Request.
  Time since last request: 0.000143 seconds.
  path: Assets/Tiles/Terrain (16x16)_12.asset
  artifactKey: Guid(685690e3909a545448b889e7adc50c76) Importer(815301076,1909f56bfc062723c751e8b465ee728b)
Start importing Assets/Tiles/Terrain (16x16)_12.asset using Guid(685690e3909a545448b889e7adc50c76) Importer(815301076,1909f56bfc062723c751e8b465ee728b)  -> (artifact id: 'cfa7aa68db10aaa421fa7851caeb94e8') in 0.007742 seconds
  Import took 0.010769 seconds .

========================================================================
Received Import Request.
  Time since last request: 0.000146 seconds.
  path: Assets/Tiles/Terrain (16x16)_9.asset
  artifactKey: Guid(f5bdc7f0f213c8a4db432e9d235b9c76) Importer(815301076,1909f56bfc062723c751e8b465ee728b)
Start importing Assets/Tiles/Terrain (16x16)_9.asset using Guid(f5bdc7f0f213c8a4db432e9d235b9c76) Importer(815301076,1909f56bfc062723c751e8b465ee728b)  -> (artifact id: 'a01f15aef13c64d2235f0cbc31fad206') in 0.007215 seconds
  Import took 0.009475 seconds .

========================================================================
Received Import Request.
  Time since last request: 0.000130 seconds.
  path: Assets/Tiles/Terrain (16x16)_1.asset
  artifactKey: Guid(a4e8145a65feedc4d815c62da7b9fb69) Importer(815301076,1909f56bfc062723c751e8b465ee728b)
Start importing Assets/Tiles/Terrain (16x16)_1.asset using Guid(a4e8145a65feedc4d815c62da7b9fb69) Importer(815301076,1909f56bfc062723c751e8b465ee728b)  -> (artifact id: '2bb50450d8ee4d09370012e4b67a8c48') in 0.006964 seconds
  Import took 0.009184 seconds .

========================================================================
Received Import Request.
  Time since last request: 1.299374 seconds.
  path: Assets/Tiles/Terrain (16x16)_25.asset
  artifactKey: Guid(ceefa064edb635248b70fc5dbee51f12) Importer(815301076,1909f56bfc062723c751e8b465ee728b)
Start importing Assets/Tiles/Terrain (16x16)_25.asset using Guid(ceefa064edb635248b70fc5dbee51f12) Importer(815301076,1909f56bfc062723c751e8b465ee728b)  -> (artifact id: '9501033f5362737edfd6fbe7d544c3db') in 0.007095 seconds
  Import took 0.010481 seconds .

========================================================================
Received Import Request.
  Time since last request: 0.000139 seconds.
  path: Assets/Tiles/Terrain (16x16)_28.asset
  artifactKey: Guid(7bd113865be690547b36d2b8b90a836e) Importer(815301076,1909f56bfc062723c751e8b465ee728b)
Start importing Assets/Tiles/Terrain (16x16)_28.asset using Guid(7bd113865be690547b36d2b8b90a836e) Importer(815301076,1909f56bfc062723c751e8b465ee728b)  -> (artifact id: '6ee1bbe65f9b4d8a8ddda1b93c23a527') in 0.006963 seconds
  Import took 0.009588 seconds .

========================================================================
Received Import Request.
  Time since last request: 0.000124 seconds.
  path: Assets/Tiles/Terrain (16x16)_26.asset
  artifactKey: Guid(a92839d472ac9aa4d9c1949cb086a7d4) Importer(815301076,1909f56bfc062723c751e8b465ee728b)
Start importing Assets/Tiles/Terrain (16x16)_26.asset using Guid(a92839d472ac9aa4d9c1949cb086a7d4) Importer(815301076,1909f56bfc062723c751e8b465ee728b)  -> (artifact id: 'dd6c13bacde853ed5fffaa8d6d6133fc') in 0.007470 seconds
  Import took 0.010277 seconds .

========================================================================
Received Import Request.
  Time since last request: 0.000128 seconds.
  path: Assets/Tiles/Terrain (16x16)_29.asset
  artifactKey: Guid(50df3cb78b6c22f4f9b21f72a1d36445) Importer(815301076,1909f56bfc062723c751e8b465ee728b)
Start importing Assets/Tiles/Terrain (16x16)_29.asset using Guid(50df3cb78b6c22f4f9b21f72a1d36445) Importer(815301076,1909f56bfc062723c751e8b465ee728b)  -> (artifact id: '989d243ae937c916b4af140c58d05609') in 0.006266 seconds
  Import took 0.008644 seconds .

========================================================================
Received Import Request.
  Time since last request: 0.000134 seconds.
  path: Assets/Tiles/Terrain (16x16)_30.asset
  artifactKey: Guid(3800022a23a299d49869c3104bc3aeea) Importer(815301076,1909f56bfc062723c751e8b465ee728b)
Start importing Assets/Tiles/Terrain (16x16)_30.asset using Guid(3800022a23a299d49869c3104bc3aeea) Importer(815301076,1909f56bfc062723c751e8b465ee728b)  -> (artifact id: '5c0862f68012d7d70a90ff4983c52848') in 0.008640 seconds
  Import took 0.011130 seconds .

========================================================================
Received Import Request.
  Time since last request: 0.000111 seconds.
  path: Assets/Tiles/Terrain (16x16)_34.asset
  artifactKey: Guid(ab169ff25a7958b42be4f696a809ee84) Importer(815301076,1909f56bfc062723c751e8b465ee728b)
Start importing Assets/Tiles/Terrain (16x16)_34.asset using Guid(ab169ff25a7958b42be4f696a809ee84) Importer(815301076,1909f56bfc062723c751e8b465ee728b)  -> (artifact id: '0a755982b426c51c223828f275f87876') in 0.006278 seconds
  Import took 0.008788 seconds .

========================================================================
Received Import Request.
  Time since last request: 0.000139 seconds.
  path: Assets/Tiles/Terrain (16x16)_36.asset
  artifactKey: Guid(d3a0afa4b220c1b4a9b9bfb7826230e5) Importer(815301076,1909f56bfc062723c751e8b465ee728b)
Start importing Assets/Tiles/Terrain (16x16)_36.asset using Guid(d3a0afa4b220c1b4a9b9bfb7826230e5) Importer(815301076,1909f56bfc062723c751e8b465ee728b)  -> (artifact id: '16ae726b13529db1cec31c3d79dd19ca') in 0.011534 seconds
  Import took 0.014400 seconds .

========================================================================
Received Import Request.
  Time since last request: 0.000114 seconds.
  path: Assets/Tiles/Terrain (16x16)_39.asset
  artifactKey: Guid(655c3262b1b9b874f9582b72822686ac) Importer(815301076,1909f56bfc062723c751e8b465ee728b)
Start importing Assets/Tiles/Terrain (16x16)_39.asset using Guid(655c3262b1b9b874f9582b72822686ac) Importer(815301076,1909f56bfc062723c751e8b465ee728b)  -> (artifact id: '22d30a31f30b850659eabc3e0e675267') in 0.006866 seconds
  Import took 0.009469 seconds .

========================================================================
Received Import Request.
  Time since last request: 0.000135 seconds.
  path: Assets/Tiles/Terrain (16x16)_37.asset
  artifactKey: Guid(949dfa81b05aec541a070cbe6e83da41) Importer(815301076,1909f56bfc062723c751e8b465ee728b)
Start importing Assets/Tiles/Terrain (16x16)_37.asset using Guid(949dfa81b05aec541a070cbe6e83da41) Importer(815301076,1909f56bfc062723c751e8b465ee728b)  -> (artifact id: '6af69f2ba5586372f8cfbf198a6e98b5') in 0.008094 seconds
  Import took 0.010969 seconds .

========================================================================
Received Import Request.
  Time since last request: 0.000131 seconds.
  path: Assets/Tiles/Terrain (16x16)_38.asset
  artifactKey: Guid(4d75b1214e4118f4287f23f2a45ce89e) Importer(815301076,1909f56bfc062723c751e8b465ee728b)
Start importing Assets/Tiles/Terrain (16x16)_38.asset using Guid(4d75b1214e4118f4287f23f2a45ce89e) Importer(815301076,1909f56bfc062723c751e8b465ee728b)  -> (artifact id: 'd82a7fa269fd2607a4bb81c1b420d9d8') in 0.007019 seconds
  Import took 0.009907 seconds .

========================================================================
Received Import Request.
  Time since last request: 0.000123 seconds.
  path: Assets/Tiles/Terrain (16x16)_47.asset
  artifactKey: Guid(3f37c9a60ae23724c8081a13b2eefa81) Importer(815301076,1909f56bfc062723c751e8b465ee728b)
Start importing Assets/Tiles/Terrain (16x16)_47.asset using Guid(3f37c9a60ae23724c8081a13b2eefa81) Importer(815301076,1909f56bfc062723c751e8b465ee728b)  -> (artifact id: '8564e63da59a4eeca6c1b398e785dd7d') in 0.006847 seconds
  Import took 0.009529 seconds .

========================================================================
Received Import Request.
  Time since last request: 0.000119 seconds.
  path: Assets/Tiles/Terrain (16x16)_48.asset
  artifactKey: Guid(88bc051a2a19da343b3d711d8c86e680) Importer(815301076,1909f56bfc062723c751e8b465ee728b)
Start importing Assets/Tiles/Terrain (16x16)_48.asset using Guid(88bc051a2a19da343b3d711d8c86e680) Importer(815301076,1909f56bfc062723c751e8b465ee728b)  -> (artifact id: 'e4493ca9f5b325834df80202afa1f30e') in 0.007340 seconds
  Import took 0.010101 seconds .

========================================================================
Received Import Request.
  Time since last request: 0.000128 seconds.
  path: Assets/Tiles/Terrain (16x16)_43.asset
  artifactKey: Guid(2399537c38ee0054b9edfe18e0bef5d4) Importer(815301076,1909f56bfc062723c751e8b465ee728b)
Start importing Assets/Tiles/Terrain (16x16)_43.asset using Guid(2399537c38ee0054b9edfe18e0bef5d4) Importer(815301076,1909f56bfc062723c751e8b465ee728b)  -> (artifact id: '081ffe39bd70d1ffa4b0d0ba38de19e1') in 0.006963 seconds
  Import took 0.009372 seconds .

========================================================================
Received Import Request.
  Time since last request: 0.000130 seconds.
  path: Assets/Tiles/Terrain (16x16)_44.asset
  artifactKey: Guid(4317cf3c032ce334ea45393afcfd82cb) Importer(815301076,1909f56bfc062723c751e8b465ee728b)
Start importing Assets/Tiles/Terrain (16x16)_44.asset using Guid(4317cf3c032ce334ea45393afcfd82cb) Importer(815301076,1909f56bfc062723c751e8b465ee728b)  -> (artifact id: '78a3116d6cf59aa99bbd1641f4f0030b') in 0.008591 seconds
  Import took 0.010957 seconds .

========================================================================
Received Import Request.
  Time since last request: 0.000118 seconds.
  path: Assets/Tiles/Terrain (16x16)_42.asset
  artifactKey: Guid(5fa187a14aa9be84599237c614be5952) Importer(815301076,1909f56bfc062723c751e8b465ee728b)
Start importing Assets/Tiles/Terrain (16x16)_42.asset using Guid(5fa187a14aa9be84599237c614be5952) Importer(815301076,1909f56bfc062723c751e8b465ee728b)  -> (artifact id: 'b5f24d696bea779cf97e252629ff8abf') in 0.006720 seconds
  Import took 0.008939 seconds .

========================================================================
Received Import Request.
  Time since last request: 0.000131 seconds.
  path: Assets/Tiles/Terrain (16x16)_35.asset
  artifactKey: Guid(6c574f63da3949c49a81d51fc2c3fff9) Importer(815301076,1909f56bfc062723c751e8b465ee728b)
Start importing Assets/Tiles/Terrain (16x16)_35.asset using Guid(6c574f63da3949c49a81d51fc2c3fff9) Importer(815301076,1909f56bfc062723c751e8b465ee728b)  -> (artifact id: '0040bc6c3cef01f673b457b194babbec') in 0.006592 seconds
  Import took 0.008940 seconds .

========================================================================
Received Import Request.
  Time since last request: 0.000124 seconds.
  path: Assets/Tiles/Terrain (16x16)_41.asset
  artifactKey: Guid(4293d820abb2aa94386a24a88165bdae) Importer(815301076,1909f56bfc062723c751e8b465ee728b)
Start importing Assets/Tiles/Terrain (16x16)_41.asset using Guid(4293d820abb2aa94386a24a88165bdae) Importer(815301076,1909f56bfc062723c751e8b465ee728b)  -> (artifact id: '7b2e843a039b90e944c20c5b08f62e1c') in 0.006301 seconds
  Import took 0.009303 seconds .

========================================================================
Received Import Request.
  Time since last request: 0.000124 seconds.
  path: Assets/Tiles/Terrain (16x16)_46.asset
  artifactKey: Guid(5578ecd2b2975234a85547c781da7d42) Importer(815301076,1909f56bfc062723c751e8b465ee728b)
Start importing Assets/Tiles/Terrain (16x16)_46.asset using Guid(5578ecd2b2975234a85547c781da7d42) Importer(815301076,1909f56bfc062723c751e8b465ee728b)  -> (artifact id: '063348579af2e3bce8e9eda484e76459') in 0.006461 seconds
  Import took 0.008752 seconds .

========================================================================
Received Import Request.
  Time since last request: 0.000134 seconds.
  path: Assets/Tiles/Terrain (16x16)_33.asset
  artifactKey: Guid(2d3e50d5fcd8e004694e0d7905774ead) Importer(815301076,1909f56bfc062723c751e8b465ee728b)
Start importing Assets/Tiles/Terrain (16x16)_33.asset using Guid(2d3e50d5fcd8e004694e0d7905774ead) Importer(815301076,1909f56bfc062723c751e8b465ee728b)  -> (artifact id: 'fbba08d279bec2e5f82e2abef8d12033') in 0.007569 seconds
  Import took 0.010172 seconds .

========================================================================
Received Import Request.
  Time since last request: 0.000137 seconds.
  path: Assets/Tiles/Terrain (16x16)_32.asset
  artifactKey: Guid(d10130aa50c3674468e506ba94cf9141) Importer(815301076,1909f56bfc062723c751e8b465ee728b)
Start importing Assets/Tiles/Terrain (16x16)_32.asset using Guid(d10130aa50c3674468e506ba94cf9141) Importer(815301076,1909f56bfc062723c751e8b465ee728b)  -> (artifact id: 'e7585fb27cc95f1576783b5e636bb2da') in 0.007100 seconds
  Import took 0.009794 seconds .

========================================================================
Received Import Request.
  Time since last request: 0.000117 seconds.
  path: Assets/Tiles/Terrain (16x16)_31.asset
  artifactKey: Guid(f150325d139f5064d999ff1b9a505e63) Importer(815301076,1909f56bfc062723c751e8b465ee728b)
Start importing Assets/Tiles/Terrain (16x16)_31.asset using Guid(f150325d139f5064d999ff1b9a505e63) Importer(815301076,1909f56bfc062723c751e8b465ee728b)  -> (artifact id: '3d708863bc63fbc895b9c1b94d5a1bf8') in 0.006033 seconds
  Import took 0.009498 seconds .

========================================================================
Received Import Request.
  Time since last request: 0.000163 seconds.
  path: Assets/Tiles/Terrain (16x16)_27.asset
  artifactKey: Guid(035ce43dda8c8444e883b674f697170b) Importer(815301076,1909f56bfc062723c751e8b465ee728b)
Start importing Assets/Tiles/Terrain (16x16)_27.asset using Guid(035ce43dda8c8444e883b674f697170b) Importer(815301076,1909f56bfc062723c751e8b465ee728b)  -> (artifact id: '4bc3fc7ae3cd0b6da17afdd71017c751') in 0.006504 seconds
  Import took 0.009056 seconds .

========================================================================
Received Import Request.
  Time since last request: 0.000124 seconds.
  path: Assets/Tiles/Terrain (16x16)_45.asset
  artifactKey: Guid(380f411acddd02a4a8076bdbf1557057) Importer(815301076,1909f56bfc062723c751e8b465ee728b)
Start importing Assets/Tiles/Terrain (16x16)_45.asset using Guid(380f411acddd02a4a8076bdbf1557057) Importer(815301076,1909f56bfc062723c751e8b465ee728b)  -> (artifact id: '01e1df4b30c969b111afe54836861d70') in 0.006596 seconds
  Import took 0.009302 seconds .

========================================================================
Received Import Request.
  Time since last request: 0.000140 seconds.
  path: Assets/Tiles/Terrain (16x16)_31.asset
  artifactKey: Guid(f150325d139f5064d999ff1b9a505e63) Importer(815301076,1909f56bfc062723c751e8b465ee728b)
Start importing Assets/Tiles/Terrain (16x16)_31.asset using Guid(f150325d139f5064d999ff1b9a505e63) Importer(815301076,1909f56bfc062723c751e8b465ee728b)  -> (artifact id: '3d708863bc63fbc895b9c1b94d5a1bf8') in 0.005607 seconds
  Import took 0.007875 seconds .

========================================================================
Received Import Request.
  Time since last request: 0.000138 seconds.
  path: Assets/Tiles/Terrain (16x16)_40.asset
  artifactKey: Guid(0fe40a0e9d8897340a9eff4d55fc32f8) Importer(815301076,1909f56bfc062723c751e8b465ee728b)
Start importing Assets/Tiles/Terrain (16x16)_40.asset using Guid(0fe40a0e9d8897340a9eff4d55fc32f8) Importer(815301076,1909f56bfc062723c751e8b465ee728b)  -> (artifact id: '3c9694b974ffe47a0fc79fbf126a12a3') in 0.006597 seconds
  Import took 0.008969 seconds .

========================================================================
Received Import Request.
  Time since last request: 0.641437 seconds.
  path: Assets/Tiles/Terrain (16x16)_49.asset
  artifactKey: Guid(5435e913b4f47d940b137240e2f2243c) Importer(815301076,1909f56bfc062723c751e8b465ee728b)
Start importing Assets/Tiles/Terrain (16x16)_49.asset using Guid(5435e913b4f47d940b137240e2f2243c) Importer(815301076,1909f56bfc062723c751e8b465ee728b)  -> (artifact id: '9af0f5f558fbdfb2635139aa519ebd48') in 0.006590 seconds
  Import took 0.009067 seconds .

========================================================================
Received Import Request.
  Time since last request: 0.000145 seconds.
  path: Assets/Tiles/Terrain (16x16)_54.asset
  artifactKey: Guid(45c9c112eae02684ea72564f069bb4ee) Importer(815301076,1909f56bfc062723c751e8b465ee728b)
Start importing Assets/Tiles/Terrain (16x16)_54.asset using Guid(45c9c112eae02684ea72564f069bb4ee) Importer(815301076,1909f56bfc062723c751e8b465ee728b)  -> (artifact id: '01b6377604194352c8b465d2ef66e093') in 0.006684 seconds
  Import took 0.009861 seconds .

========================================================================
Received Import Request.
  Time since last request: 0.000150 seconds.
  path: Assets/Tiles/Terrain (16x16)_50.asset
  artifactKey: Guid(b789eae9b4abc8a4fb5c8206aaba64af) Importer(815301076,1909f56bfc062723c751e8b465ee728b)
Start importing Assets/Tiles/Terrain (16x16)_50.asset using Guid(b789eae9b4abc8a4fb5c8206aaba64af) Importer(815301076,1909f56bfc062723c751e8b465ee728b)  -> (artifact id: '9a5d04ed60b4eb704878a4a447b2c23c') in 0.007203 seconds
  Import took 0.009575 seconds .

========================================================================
Received Import Request.
  Time since last request: 0.000140 seconds.
  path: Assets/Tiles/Terrain (16x16)_53.asset
  artifactKey: Guid(90c491f339d6761438fc564c3e3fc77b) Importer(815301076,1909f56bfc062723c751e8b465ee728b)
Start importing Assets/Tiles/Terrain (16x16)_53.asset using Guid(90c491f339d6761438fc564c3e3fc77b) Importer(815301076,1909f56bfc062723c751e8b465ee728b)  -> (artifact id: 'ccf94c930c5458c5d1f392475958ff0e') in 0.006284 seconds
  Import took 0.009223 seconds .

========================================================================
Received Import Request.
  Time since last request: 0.000168 seconds.
  path: Assets/Tiles/Terrain (16x16)_56.asset
  artifactKey: Guid(cd59a19e068a74849bafa88ca7709e1f) Importer(815301076,1909f56bfc062723c751e8b465ee728b)
Start importing Assets/Tiles/Terrain (16x16)_56.asset using Guid(cd59a19e068a74849bafa88ca7709e1f) Importer(815301076,1909f56bfc062723c751e8b465ee728b)  -> (artifact id: 'c26789613609af6b8eb3cda8bc81e26e') in 0.006261 seconds
  Import took 0.008605 seconds .

========================================================================
Received Import Request.
  Time since last request: 0.000138 seconds.
  path: Assets/Tiles/Terrain (16x16)_50.asset
  artifactKey: Guid(b789eae9b4abc8a4fb5c8206aaba64af) Importer(815301076,1909f56bfc062723c751e8b465ee728b)
Start importing Assets/Tiles/Terrain (16x16)_50.asset using Guid(b789eae9b4abc8a4fb5c8206aaba64af) Importer(815301076,1909f56bfc062723c751e8b465ee728b)  -> (artifact id: '9a5d04ed60b4eb704878a4a447b2c23c') in 0.005495 seconds
  Import took 0.007911 seconds .

========================================================================
Received Import Request.
  Time since last request: 0.000138 seconds.
  path: Assets/Tiles/Terrain (16x16)_57.asset
  artifactKey: Guid(b57f723c14b19a74098ace2d2d396717) Importer(815301076,1909f56bfc062723c751e8b465ee728b)
Start importing Assets/Tiles/Terrain (16x16)_57.asset using Guid(b57f723c14b19a74098ace2d2d396717) Importer(815301076,1909f56bfc062723c751e8b465ee728b)  -> (artifact id: '07387d909e9d2f8e3e34c353995542bd') in 0.006476 seconds
  Import took 0.009195 seconds .

========================================================================
Received Import Request.
  Time since last request: 0.000162 seconds.
  path: Assets/Tiles/Terrain (16x16)_59.asset
  artifactKey: Guid(0e263198a18a9824dad522cf508dec67) Importer(815301076,1909f56bfc062723c751e8b465ee728b)
Start importing Assets/Tiles/Terrain (16x16)_59.asset using Guid(0e263198a18a9824dad522cf508dec67) Importer(815301076,1909f56bfc062723c751e8b465ee728b)  -> (artifact id: '7c624c95598b4d2cc9ef3625d715344f') in 0.007618 seconds
  Import took 0.009982 seconds .

========================================================================
Received Import Request.
  Time since last request: 0.000126 seconds.
  path: Assets/Tiles/Terrain (16x16)_66.asset
  artifactKey: Guid(069a0a44950677f43abd9061cd813ed8) Importer(815301076,1909f56bfc062723c751e8b465ee728b)
Start importing Assets/Tiles/Terrain (16x16)_66.asset using Guid(069a0a44950677f43abd9061cd813ed8) Importer(815301076,1909f56bfc062723c751e8b465ee728b)  -> (artifact id: '6a47d528b0db3638f3c833ebe6c520de') in 0.007283 seconds
  Import took 0.010254 seconds .

========================================================================
Received Import Request.
  Time since last request: 0.000119 seconds.
  path: Assets/Tiles/Terrain (16x16)_58.asset
  artifactKey: Guid(8e23ac27a0cc3e64db5dc58db9572099) Importer(815301076,1909f56bfc062723c751e8b465ee728b)
Start importing Assets/Tiles/Terrain (16x16)_58.asset using Guid(8e23ac27a0cc3e64db5dc58db9572099) Importer(815301076,1909f56bfc062723c751e8b465ee728b)  -> (artifact id: '62aeaa43f8986b3e1f3f6930ceaddf27') in 0.009130 seconds
  Import took 0.011809 seconds .

========================================================================
Received Import Request.
  Time since last request: 0.000130 seconds.
  path: Assets/Tiles/Terrain (16x16)_64.asset
  artifactKey: Guid(844f1f2b1e281b34ebe548c0fb484aaa) Importer(815301076,1909f56bfc062723c751e8b465ee728b)
Start importing Assets/Tiles/Terrain (16x16)_64.asset using Guid(844f1f2b1e281b34ebe548c0fb484aaa) Importer(815301076,1909f56bfc062723c751e8b465ee728b)  -> (artifact id: 'b6c9d409e8988a9ce8bdafc9026e6d47') in 0.007134 seconds
  Import took 0.009435 seconds .

========================================================================
Received Import Request.
  Time since last request: 0.000136 seconds.
  path: Assets/Tiles/Terrain (16x16)_60.asset
  artifactKey: Guid(d139158b9ad75a84aa8c7f25628bd3c1) Importer(815301076,1909f56bfc062723c751e8b465ee728b)
Start importing Assets/Tiles/Terrain (16x16)_60.asset using Guid(d139158b9ad75a84aa8c7f25628bd3c1) Importer(815301076,1909f56bfc062723c751e8b465ee728b)  -> (artifact id: '9730180042db1bdad548fc005d894ef7') in 0.007239 seconds
  Import took 0.009526 seconds .

========================================================================
Received Import Request.
  Time since last request: 0.000130 seconds.
  path: Assets/Tiles/Terrain (16x16)_61.asset
  artifactKey: Guid(1d0ed3f8ca183f145b1d16174c819bb9) Importer(815301076,1909f56bfc062723c751e8b465ee728b)
Start importing Assets/Tiles/Terrain (16x16)_61.asset using Guid(1d0ed3f8ca183f145b1d16174c819bb9) Importer(815301076,1909f56bfc062723c751e8b465ee728b)  -> (artifact id: '91cab6b823c33543168c9c7f15cfdc8a') in 0.006676 seconds
  Import took 0.009723 seconds .

========================================================================
Received Import Request.
  Time since last request: 0.000126 seconds.
  path: Assets/Tiles/Terrain (16x16)_52.asset
  artifactKey: Guid(d9adf12cc4f3fb147b36badaab31d886) Importer(815301076,1909f56bfc062723c751e8b465ee728b)
Start importing Assets/Tiles/Terrain (16x16)_52.asset using Guid(d9adf12cc4f3fb147b36badaab31d886) Importer(815301076,1909f56bfc062723c751e8b465ee728b)  -> (artifact id: 'f7b6dd465a1d89248b75a610dd5a5ecf') in 0.007046 seconds
  Import took 0.010409 seconds .

========================================================================
Received Import Request.
  Time since last request: 0.000133 seconds.
  path: Assets/Tiles/Terrain (16x16)_51.asset
  artifactKey: Guid(104fdabf657af2943bd6e0369a5bfb94) Importer(815301076,1909f56bfc062723c751e8b465ee728b)
Start importing Assets/Tiles/Terrain (16x16)_51.asset using Guid(104fdabf657af2943bd6e0369a5bfb94) Importer(815301076,1909f56bfc062723c751e8b465ee728b)  -> (artifact id: 'c8890a3980c511ad09bf7c23134e2142') in 0.007327 seconds
  Import took 0.009707 seconds .

========================================================================
Received Import Request.
  Time since last request: 0.000134 seconds.
  path: Assets/Tiles/Terrain (16x16)_65.asset
  artifactKey: Guid(10e8ad6eb6138ae448387a13549d655a) Importer(815301076,1909f56bfc062723c751e8b465ee728b)
Start importing Assets/Tiles/Terrain (16x16)_65.asset using Guid(10e8ad6eb6138ae448387a13549d655a) Importer(815301076,1909f56bfc062723c751e8b465ee728b)  -> (artifact id: 'b5f4ec54fc0ffe9a28856c28df136307') in 0.006184 seconds
  Import took 0.008620 seconds .

========================================================================
Received Import Request.
  Time since last request: 0.000132 seconds.
  path: Assets/Tiles/Terrain (16x16)_52.asset
  artifactKey: Guid(d9adf12cc4f3fb147b36badaab31d886) Importer(815301076,1909f56bfc062723c751e8b465ee728b)
Start importing Assets/Tiles/Terrain (16x16)_52.asset using Guid(d9adf12cc4f3fb147b36badaab31d886) Importer(815301076,1909f56bfc062723c751e8b465ee728b)  -> (artifact id: 'f7b6dd465a1d89248b75a610dd5a5ecf') in 0.004036 seconds
  Import took 0.006315 seconds .

========================================================================
Received Import Request.
  Time since last request: 0.000141 seconds.
  path: Assets/Tiles/Terrain (16x16)_55.asset
  artifactKey: Guid(bb71f82192191a84e973e1f4a871e862) Importer(815301076,1909f56bfc062723c751e8b465ee728b)
Start importing Assets/Tiles/Terrain (16x16)_55.asset using Guid(bb71f82192191a84e973e1f4a871e862) Importer(815301076,1909f56bfc062723c751e8b465ee728b)  -> (artifact id: '46956cfaa2fb5754da4441d9f6c4bfcc') in 0.006709 seconds
  Import took 0.009899 seconds .

========================================================================
Received Import Request.
  Time since last request: 0.000123 seconds.
  path: Assets/Tiles/Terrain (16x16)_63.asset
  artifactKey: Guid(9ae84bedc777def47946dcb80c6118a9) Importer(815301076,1909f56bfc062723c751e8b465ee728b)
Start importing Assets/Tiles/Terrain (16x16)_63.asset using Guid(9ae84bedc777def47946dcb80c6118a9) Importer(815301076,1909f56bfc062723c751e8b465ee728b)  -> (artifact id: '8a53ebac2245458f556501c1c39841ef') in 0.009574 seconds
  Import took 0.012390 seconds .

========================================================================
Received Import Request.
  Time since last request: 0.000128 seconds.
  path: Assets/Tiles/Terrain (16x16)_49.asset
  artifactKey: Guid(5435e913b4f47d940b137240e2f2243c) Importer(815301076,1909f56bfc062723c751e8b465ee728b)
Start importing Assets/Tiles/Terrain (16x16)_49.asset using Guid(5435e913b4f47d940b137240e2f2243c) Importer(815301076,1909f56bfc062723c751e8b465ee728b)  -> (artifact id: '9af0f5f558fbdfb2635139aa519ebd48') in 0.004141 seconds
  Import took 0.006539 seconds .

========================================================================
Received Import Request.
  Time since last request: 0.000142 seconds.
  path: Assets/Tiles/Terrain (16x16)_62.asset
  artifactKey: Guid(69b8958410f64a546974e0966f6cca52) Importer(815301076,1909f56bfc062723c751e8b465ee728b)
Start importing Assets/Tiles/Terrain (16x16)_62.asset using Guid(69b8958410f64a546974e0966f6cca52) Importer(815301076,1909f56bfc062723c751e8b465ee728b)  -> (artifact id: '272a9514121861763c67fffcecb7f25f') in 0.010952 seconds
  Import took 0.013770 seconds .

========================================================================
Received Import Request.
  Time since last request: 0.047718 seconds.
  path: Assets/Tiles/Terrain (16x16)_67.asset
  artifactKey: Guid(50e3afc09185f274eb996d557afbb7f2) Importer(815301076,1909f56bfc062723c751e8b465ee728b)
Start importing Assets/Tiles/Terrain (16x16)_67.asset using Guid(50e3afc09185f274eb996d557afbb7f2) Importer(815301076,1909f56bfc062723c751e8b465ee728b)  -> (artifact id: 'ed1ffcb7f576b56dc1f6641b82a839f6') in 0.006748 seconds
  Import took 0.009896 seconds .

========================================================================
Received Import Request.
  Time since last request: 0.000122 seconds.
  path: Assets/Tiles/Terrain (16x16)_68.asset
  artifactKey: Guid(799c6defb47d0ca438f2a0e801adbe4c) Importer(815301076,1909f56bfc062723c751e8b465ee728b)
Start importing Assets/Tiles/Terrain (16x16)_68.asset using Guid(799c6defb47d0ca438f2a0e801adbe4c) Importer(815301076,1909f56bfc062723c751e8b465ee728b)  -> (artifact id: '43afd58bd73d3fdd504bb64b99a1c10e') in 0.006506 seconds
  Import took 0.008783 seconds .

========================================================================
Received Import Request.
  Time since last request: 0.000143 seconds.
  path: Assets/Tiles/Terrain (16x16)_78.asset
  artifactKey: Guid(ef2c357e3a3afa14caec2eb3b00c8e08) Importer(815301076,1909f56bfc062723c751e8b465ee728b)
Start importing Assets/Tiles/Terrain (16x16)_78.asset using Guid(ef2c357e3a3afa14caec2eb3b00c8e08) Importer(815301076,1909f56bfc062723c751e8b465ee728b)  -> (artifact id: 'b9d094b2fd844c15aeb0429b870a3989') in 0.006892 seconds
  Import took 0.009971 seconds .

========================================================================
Received Import Request.
  Time since last request: 0.000131 seconds.
  path: Assets/Tiles/Terrain (16x16)_75.asset
  artifactKey: Guid(7d4f7589d280def4082eef0bec325a87) Importer(815301076,1909f56bfc062723c751e8b465ee728b)
Start importing Assets/Tiles/Terrain (16x16)_75.asset using Guid(7d4f7589d280def4082eef0bec325a87) Importer(815301076,1909f56bfc062723c751e8b465ee728b)  -> (artifact id: 'f89f039c9495938b5daae0d8c0d9f4a3') in 0.006912 seconds
  Import took 0.009460 seconds .

========================================================================
Received Import Request.
  Time since last request: 0.000116 seconds.
  path: Assets/Tiles/Terrain (16x16)_77.asset
  artifactKey: Guid(9c0927c53ac2590479004dac40cc4cc8) Importer(815301076,1909f56bfc062723c751e8b465ee728b)
Start importing Assets/Tiles/Terrain (16x16)_77.asset using Guid(9c0927c53ac2590479004dac40cc4cc8) Importer(815301076,1909f56bfc062723c751e8b465ee728b)  -> (artifact id: '6f7a94b8c90489e038518a69205d980b') in 0.006088 seconds
  Import took 0.008405 seconds .

========================================================================
Received Import Request.
  Time since last request: 0.000153 seconds.
  path: Assets/Tiles/Terrain (16x16)_73.asset
  artifactKey: Guid(465c6ae27f1362e43b89777cea0629c6) Importer(815301076,1909f56bfc062723c751e8b465ee728b)
Start importing Assets/Tiles/Terrain (16x16)_73.asset using Guid(465c6ae27f1362e43b89777cea0629c6) Importer(815301076,1909f56bfc062723c751e8b465ee728b)  -> (artifact id: 'f2316c50f55e3e9ae678210dbe90ec21') in 0.011296 seconds
  Import took 0.013924 seconds .

========================================================================
Received Import Request.
  Time since last request: 0.000124 seconds.
  path: Assets/Tiles/Terrain (16x16)_81.asset
  artifactKey: Guid(e305cb9ad944e894db33f06f8d055c97) Importer(815301076,1909f56bfc062723c751e8b465ee728b)
Start importing Assets/Tiles/Terrain (16x16)_81.asset using Guid(e305cb9ad944e894db33f06f8d055c97) Importer(815301076,1909f56bfc062723c751e8b465ee728b)  -> (artifact id: '62ad88a48af5605865ff162c18ca5773') in 0.007662 seconds
  Import took 0.009918 seconds .

========================================================================
Received Import Request.
  Time since last request: 0.000122 seconds.
  path: Assets/Tiles/Terrain (16x16)_85.asset
  artifactKey: Guid(b65c5c956a3b5944fb4ba42c21996dbf) Importer(815301076,1909f56bfc062723c751e8b465ee728b)
Start importing Assets/Tiles/Terrain (16x16)_85.asset using Guid(b65c5c956a3b5944fb4ba42c21996dbf) Importer(815301076,1909f56bfc062723c751e8b465ee728b)  -> (artifact id: '57b32256a331dbdc69e36f7db480955d') in 0.006407 seconds
  Import took 0.009278 seconds .

========================================================================
Received Import Request.
  Time since last request: 0.000133 seconds.
  path: Assets/Tiles/Terrain (16x16)_84.asset
  artifactKey: Guid(b004c31379898a743b4ec1485215c5fe) Importer(815301076,1909f56bfc062723c751e8b465ee728b)
Start importing Assets/Tiles/Terrain (16x16)_84.asset using Guid(b004c31379898a743b4ec1485215c5fe) Importer(815301076,1909f56bfc062723c751e8b465ee728b)  -> (artifact id: 'edc59422ed8b3c8fe298971a86d43056') in 0.006853 seconds
  Import took 0.009291 seconds .

========================================================================
Received Import Request.
  Time since last request: 0.000131 seconds.
  path: Assets/Tiles/Terrain (16x16)_89.asset
  artifactKey: Guid(79ddccc51ac846d4fb158b6664492e43) Importer(815301076,1909f56bfc062723c751e8b465ee728b)
Start importing Assets/Tiles/Terrain (16x16)_89.asset using Guid(79ddccc51ac846d4fb158b6664492e43) Importer(815301076,1909f56bfc062723c751e8b465ee728b)  -> (artifact id: 'd4c0d3c05c4a96ee31a268573070568a') in 0.008063 seconds
  Import took 0.010681 seconds .

========================================================================
Received Import Request.
  Time since last request: 0.000125 seconds.
  path: Assets/Tiles/Terrain (16x16)_72.asset
  artifactKey: Guid(254e06f57a6680449a3fc744b148d7c6) Importer(815301076,1909f56bfc062723c751e8b465ee728b)
Start importing Assets/Tiles/Terrain (16x16)_72.asset using Guid(254e06f57a6680449a3fc744b148d7c6) Importer(815301076,1909f56bfc062723c751e8b465ee728b)  -> (artifact id: '64f15ce2f4a35872756cd998ed912626') in 0.006736 seconds
  Import took 0.009222 seconds .

========================================================================
Received Import Request.
  Time since last request: 0.000130 seconds.
  path: Assets/Tiles/Terrain (16x16)_71.asset
  artifactKey: Guid(2778e8a37b1effe4b93e314f6c93859c) Importer(815301076,1909f56bfc062723c751e8b465ee728b)
Start importing Assets/Tiles/Terrain (16x16)_71.asset using Guid(2778e8a37b1effe4b93e314f6c93859c) Importer(815301076,1909f56bfc062723c751e8b465ee728b)  -> (artifact id: 'd9720ffff92423166eb210f09cec958b') in 0.006425 seconds
  Import took 0.009129 seconds .

========================================================================
Received Import Request.
  Time since last request: 0.000121 seconds.
  path: Assets/Tiles/Terrain (16x16)_76.asset
  artifactKey: Guid(62c87165e3a04d54ab5a3584d7fac71b) Importer(815301076,1909f56bfc062723c751e8b465ee728b)
Start importing Assets/Tiles/Terrain (16x16)_76.asset using Guid(62c87165e3a04d54ab5a3584d7fac71b) Importer(815301076,1909f56bfc062723c751e8b465ee728b)  -> (artifact id: '457594bfbaf169a2e2478e1840df9b02') in 0.009357 seconds
  Import took 0.011838 seconds .

========================================================================
Received Import Request.
  Time since last request: 0.000119 seconds.
  path: Assets/Tiles/Terrain (16x16)_79.asset
  artifactKey: Guid(90044a9b8972eab4f8d7f43d7a86250a) Importer(815301076,1909f56bfc062723c751e8b465ee728b)
Start importing Assets/Tiles/Terrain (16x16)_79.asset using Guid(90044a9b8972eab4f8d7f43d7a86250a) Importer(815301076,1909f56bfc062723c751e8b465ee728b)  -> (artifact id: '778652844fe4ce339e07212e776abe0a') in 0.007621 seconds
  Import took 0.009846 seconds .

========================================================================
Received Import Request.
  Time since last request: 0.000130 seconds.
  path: Assets/Tiles/Terrain (16x16)_80.asset
  artifactKey: Guid(1680e565107edd443ac080061f1ae397) Importer(815301076,1909f56bfc062723c751e8b465ee728b)
Start importing Assets/Tiles/Terrain (16x16)_80.asset using Guid(1680e565107edd443ac080061f1ae397) Importer(815301076,1909f56bfc062723c751e8b465ee728b)  -> (artifact id: '81469a2ae2739ddf646a41d4c941ed00') in 0.006364 seconds
  Import took 0.009051 seconds .

========================================================================
Received Import Request.
  Time since last request: 0.000117 seconds.
  path: Assets/Tiles/Terrain (16x16)_67.asset
  artifactKey: Guid(50e3afc09185f274eb996d557afbb7f2) Importer(815301076,1909f56bfc062723c751e8b465ee728b)
Start importing Assets/Tiles/Terrain (16x16)_67.asset using Guid(50e3afc09185f274eb996d557afbb7f2) Importer(815301076,1909f56bfc062723c751e8b465ee728b)  -> (artifact id: 'ed1ffcb7f576b56dc1f6641b82a839f6') in 0.004005 seconds
  Import took 0.006493 seconds .

========================================================================
Received Import Request.
  Time since last request: 0.000130 seconds.
  path: Assets/Tiles/Terrain (16x16)_83.asset
  artifactKey: Guid(aaddd28b52ff22749be00842c1944d42) Importer(815301076,1909f56bfc062723c751e8b465ee728b)
Start importing Assets/Tiles/Terrain (16x16)_83.asset using Guid(aaddd28b52ff22749be00842c1944d42) Importer(815301076,1909f56bfc062723c751e8b465ee728b)  -> (artifact id: '264381577d2a5c38402d0a8a362714e4') in 0.006669 seconds
  Import took 0.008988 seconds .

========================================================================
Received Import Request.
  Time since last request: 0.000134 seconds.
  path: Assets/Tiles/Terrain (16x16)_82.asset
  artifactKey: Guid(ee33de49668f51b42ae8ad1e97d3b839) Importer(815301076,1909f56bfc062723c751e8b465ee728b)
Start importing Assets/Tiles/Terrain (16x16)_82.asset using Guid(ee33de49668f51b42ae8ad1e97d3b839) Importer(815301076,1909f56bfc062723c751e8b465ee728b)  -> (artifact id: 'a371e13d96a51772bc2ce513463abdf7') in 0.006859 seconds
  Import took 0.009888 seconds .

========================================================================
Received Import Request.
  Time since last request: 0.000130 seconds.
  path: Assets/Tiles/Terrain (16x16)_69.asset
  artifactKey: Guid(53e8d4ddf82326f42b9420515fe0b54f) Importer(815301076,1909f56bfc062723c751e8b465ee728b)
Start importing Assets/Tiles/Terrain (16x16)_69.asset using Guid(53e8d4ddf82326f42b9420515fe0b54f) Importer(815301076,1909f56bfc062723c751e8b465ee728b)  -> (artifact id: '2966501d1b82458cc84ebe8b666ec790') in 0.007021 seconds
  Import took 0.009302 seconds .

========================================================================
Received Import Request.
  Time since last request: 0.000132 seconds.
  path: Assets/Tiles/Terrain (16x16)_90.asset
  artifactKey: Guid(0fd9ac5c3d070dd4ca75d4a69c4b4301) Importer(815301076,1909f56bfc062723c751e8b465ee728b)
Start importing Assets/Tiles/Terrain (16x16)_90.asset using Guid(0fd9ac5c3d070dd4ca75d4a69c4b4301) Importer(815301076,1909f56bfc062723c751e8b465ee728b)  -> (artifact id: 'c7e170c9ee0696ef45ec177ad80f8c7c') in 0.007012 seconds
  Import took 0.009357 seconds .

========================================================================
Received Import Request.
  Time since last request: 0.000143 seconds.
  path: Assets/Tiles/Terrain (16x16)_87.asset
  artifactKey: Guid(2fb4b080c068a7d44a2fb0050d4480e5) Importer(815301076,1909f56bfc062723c751e8b465ee728b)
Start importing Assets/Tiles/Terrain (16x16)_87.asset using Guid(2fb4b080c068a7d44a2fb0050d4480e5) Importer(815301076,1909f56bfc062723c751e8b465ee728b)  -> (artifact id: 'af63055b29f6a6dd4e23540db1a569b1') in 0.007086 seconds
  Import took 0.009642 seconds .

========================================================================
Received Import Request.
  Time since last request: 0.000152 seconds.
  path: Assets/Tiles/Terrain (16x16)_70.asset
  artifactKey: Guid(b10862593048ca64e825f10e72d527a0) Importer(815301076,1909f56bfc062723c751e8b465ee728b)
Start importing Assets/Tiles/Terrain (16x16)_70.asset using Guid(b10862593048ca64e825f10e72d527a0) Importer(815301076,1909f56bfc062723c751e8b465ee728b)  -> (artifact id: '509d2ac26530f7c2f03c2fdc22831c37') in 0.006821 seconds
  Import took 0.009384 seconds .

========================================================================
Received Import Request.
  Time since last request: 0.000125 seconds.
  path: Assets/Tiles/Terrain (16x16)_86.asset
  artifactKey: Guid(fa913e17191b48c4098a9c310c6beb18) Importer(815301076,1909f56bfc062723c751e8b465ee728b)
Start importing Assets/Tiles/Terrain (16x16)_86.asset using Guid(fa913e17191b48c4098a9c310c6beb18) Importer(815301076,1909f56bfc062723c751e8b465ee728b)  -> (artifact id: 'bcfb615bdc73f0445a90e30d5c016076') in 0.008353 seconds
  Import took 0.011251 seconds .

========================================================================
Received Import Request.
  Time since last request: 0.000117 seconds.
  path: Assets/Tiles/Terrain (16x16)_74.asset
  artifactKey: Guid(4d2748fe632bb2549a8cff6b5811ec0f) Importer(815301076,1909f56bfc062723c751e8b465ee728b)
Start importing Assets/Tiles/Terrain (16x16)_74.asset using Guid(4d2748fe632bb2549a8cff6b5811ec0f) Importer(815301076,1909f56bfc062723c751e8b465ee728b)  -> (artifact id: '7de0e5f0fb556ebaa9059e1db7ce14f7') in 0.006460 seconds
  Import took 0.009137 seconds .

========================================================================
Received Import Request.
  Time since last request: 0.000141 seconds.
  path: Assets/Tiles/Terrain (16x16)_88.asset
  artifactKey: Guid(1ada90a46a0896a4b81060e67c0fd717) Importer(815301076,1909f56bfc062723c751e8b465ee728b)
Start importing Assets/Tiles/Terrain (16x16)_88.asset using Guid(1ada90a46a0896a4b81060e67c0fd717) Importer(815301076,1909f56bfc062723c751e8b465ee728b)  -> (artifact id: '92b95b26ad7f66e24bb3412b56ecb817') in 0.006065 seconds
  Import took 0.008732 seconds .

========================================================================
Received Import Request.
  Time since last request: 0.000115 seconds.
  path: Assets/Tiles/Terrain (16x16)_86.asset
  artifactKey: Guid(fa913e17191b48c4098a9c310c6beb18) Importer(815301076,1909f56bfc062723c751e8b465ee728b)
Start importing Assets/Tiles/Terrain (16x16)_86.asset using Guid(fa913e17191b48c4098a9c310c6beb18) Importer(815301076,1909f56bfc062723c751e8b465ee728b)  -> (artifact id: 'bcfb615bdc73f0445a90e30d5c016076') in 0.010906 seconds
  Import took 0.013286 seconds .

========================================================================
Received Import Request.
  Time since last request: 0.003188 seconds.
  path: Assets/Tiles/Terrain (16x16)_88.asset
  artifactKey: Guid(1ada90a46a0896a4b81060e67c0fd717) Importer(815301076,1909f56bfc062723c751e8b465ee728b)
Start importing Assets/Tiles/Terrain (16x16)_88.asset using Guid(1ada90a46a0896a4b81060e67c0fd717) Importer(815301076,1909f56bfc062723c751e8b465ee728b)  -> (artifact id: '92b95b26ad7f66e24bb3412b56ecb817') in 0.004208 seconds
  Import took 0.006921 seconds .

========================================================================
Received Import Request.
  Time since last request: 0.402713 seconds.
  path: Assets/Tiles/Terrain (16x16)_91.asset
  artifactKey: Guid(0b394460d47d6d043a10f8e737b0528b) Importer(815301076,1909f56bfc062723c751e8b465ee728b)
Start importing Assets/Tiles/Terrain (16x16)_91.asset using Guid(0b394460d47d6d043a10f8e737b0528b) Importer(815301076,1909f56bfc062723c751e8b465ee728b)  -> (artifact id: 'bab1cc1962e435ca4d1d0c220e7a2f74') in 0.006480 seconds
  Import took 0.009620 seconds .

========================================================================
Received Import Request.
  Time since last request: 0.000131 seconds.
  path: Assets/Tiles/Terrain (16x16)_96.asset
  artifactKey: Guid(3355804f5f5cdd9459c2512064fd2ec4) Importer(815301076,1909f56bfc062723c751e8b465ee728b)
Start importing Assets/Tiles/Terrain (16x16)_96.asset using Guid(3355804f5f5cdd9459c2512064fd2ec4) Importer(815301076,1909f56bfc062723c751e8b465ee728b)  -> (artifact id: 'e065bf32f07989c3d6d64a47f4317eb1') in 0.007994 seconds
  Import took 0.010313 seconds .

========================================================================
Received Import Request.
  Time since last request: 0.000112 seconds.
  path: Assets/Tiles/Terrain (16x16)_94.asset
  artifactKey: Guid(7a54cf7b4a6224b45a3b1dc8339c23bd) Importer(815301076,1909f56bfc062723c751e8b465ee728b)
Start importing Assets/Tiles/Terrain (16x16)_94.asset using Guid(7a54cf7b4a6224b45a3b1dc8339c23bd) Importer(815301076,1909f56bfc062723c751e8b465ee728b)  -> (artifact id: '7b576d9e62ce2b0b635f3d94ead3decd') in 0.007014 seconds
  Import took 0.009302 seconds .

========================================================================
Received Import Request.
  Time since last request: 0.000125 seconds.
  path: Assets/Tiles/Terrain (16x16)_95.asset
  artifactKey: Guid(73f4b800b93070f4ba3be4fd3021f46d) Importer(815301076,1909f56bfc062723c751e8b465ee728b)
Start importing Assets/Tiles/Terrain (16x16)_95.asset using Guid(73f4b800b93070f4ba3be4fd3021f46d) Importer(815301076,1909f56bfc062723c751e8b465ee728b)  -> (artifact id: 'b5ae77dba010824a56c37c413ce9a1d3') in 0.006604 seconds
  Import took 0.009089 seconds .

========================================================================
Received Import Request.
  Time since last request: 0.000121 seconds.
  path: Assets/Tiles/Terrain (16x16)_92.asset
  artifactKey: Guid(bf39e5cd94e86b1458af32e0cee862d4) Importer(815301076,1909f56bfc062723c751e8b465ee728b)
Start importing Assets/Tiles/Terrain (16x16)_92.asset using Guid(bf39e5cd94e86b1458af32e0cee862d4) Importer(815301076,1909f56bfc062723c751e8b465ee728b)  -> (artifact id: 'd130bf79c9f12ea85beb69df3bfc8a15') in 0.006588 seconds
  Import took 0.009045 seconds .

========================================================================
Received Import Request.
  Time since last request: 0.000133 seconds.
  path: Assets/Tiles/Terrain (16x16)_93.asset
  artifactKey: Guid(4e4db2fd4f6986a4f9ae0ae05fe40dab) Importer(815301076,1909f56bfc062723c751e8b465ee728b)
Start importing Assets/Tiles/Terrain (16x16)_93.asset using Guid(4e4db2fd4f6986a4f9ae0ae05fe40dab) Importer(815301076,1909f56bfc062723c751e8b465ee728b)  -> (artifact id: '850847e483b9125ca52527523e5de3c2') in 0.006393 seconds
  Import took 0.009347 seconds .

========================================================================
Received Import Request.
  Time since last request: 0.000139 seconds.
  path: Assets/Tiles/Terrain (16x16)_98.asset
  artifactKey: Guid(7151938682ed46540ab706adeb6f8ac1) Importer(815301076,1909f56bfc062723c751e8b465ee728b)
Start importing Assets/Tiles/Terrain (16x16)_98.asset using Guid(7151938682ed46540ab706adeb6f8ac1) Importer(815301076,1909f56bfc062723c751e8b465ee728b)  -> (artifact id: '4666ef92f3ca759397ec9484ab9686ac') in 0.013814 seconds
  Import took 0.016203 seconds .

========================================================================
Received Import Request.
  Time since last request: 0.000114 seconds.
  path: Assets/Tiles/Terrain (16x16)_97.asset
  artifactKey: Guid(7fe79eca3d0317a409b980c58e57b380) Importer(815301076,1909f56bfc062723c751e8b465ee728b)
Start importing Assets/Tiles/Terrain (16x16)_97.asset using Guid(7fe79eca3d0317a409b980c58e57b380) Importer(815301076,1909f56bfc062723c751e8b465ee728b)  -> (artifact id: 'dd3b48ba31fdb549cf5d622d4340edff') in 0.006561 seconds
  Import took 0.008997 seconds .

========================================================================
Received Import Request.
  Time since last request: 0.000124 seconds.
  path: Assets/Tiles/Terrain (16x16)_108.asset
  artifactKey: Guid(163e12bdbad3fef41bd2367144118fce) Importer(815301076,1909f56bfc062723c751e8b465ee728b)
Start importing Assets/Tiles/Terrain (16x16)_108.asset using Guid(163e12bdbad3fef41bd2367144118fce) Importer(815301076,1909f56bfc062723c751e8b465ee728b)  -> (artifact id: 'f4211305e7fd63252212e6a7b6ef3844') in 0.006614 seconds
  Import took 0.009379 seconds .

========================================================================
Received Import Request.
  Time since last request: 0.000134 seconds.
  path: Assets/Tiles/Terrain (16x16)_104.asset
  artifactKey: Guid(ce2bcc05ca87f3a43a7f8371e4f89d6b) Importer(815301076,1909f56bfc062723c751e8b465ee728b)
Start importing Assets/Tiles/Terrain (16x16)_104.asset using Guid(ce2bcc05ca87f3a43a7f8371e4f89d6b) Importer(815301076,1909f56bfc062723c751e8b465ee728b)  -> (artifact id: 'fb6d7062a496e11084c6059e39060f1a') in 0.009437 seconds
  Import took 0.011722 seconds .

========================================================================
Received Import Request.
  Time since last request: 0.000146 seconds.
  path: Assets/Tiles/Terrain (16x16)_105.asset
  artifactKey: Guid(dc8db28acbf34ac49bf240747db12eb8) Importer(815301076,1909f56bfc062723c751e8b465ee728b)
Start importing Assets/Tiles/Terrain (16x16)_105.asset using Guid(dc8db28acbf34ac49bf240747db12eb8) Importer(815301076,1909f56bfc062723c751e8b465ee728b)  -> (artifact id: '70ac58d4049c666096f9834ffe3eb50d') in 0.006396 seconds
  Import took 0.009973 seconds .

========================================================================
Received Import Request.
  Time since last request: 0.000124 seconds.
  path: Assets/Tiles/Terrain (16x16)_113.asset
  artifactKey: Guid(fa022433ad92c3f4ab6f64b0908d0303) Importer(815301076,1909f56bfc062723c751e8b465ee728b)
Start importing Assets/Tiles/Terrain (16x16)_113.asset using Guid(fa022433ad92c3f4ab6f64b0908d0303) Importer(815301076,1909f56bfc062723c751e8b465ee728b)  -> (artifact id: '1ea39ff5055db3fc5e21821ee2ccc648') in 0.006544 seconds
  Import took 0.009257 seconds .

========================================================================
Received Import Request.
  Time since last request: 0.000126 seconds.
  path: Assets/Tiles/Terrain (16x16)_100.asset
  artifactKey: Guid(9b48d0ed874a9154b8dfa3e159caeeb3) Importer(815301076,1909f56bfc062723c751e8b465ee728b)
Start importing Assets/Tiles/Terrain (16x16)_100.asset using Guid(9b48d0ed874a9154b8dfa3e159caeeb3) Importer(815301076,1909f56bfc062723c751e8b465ee728b)  -> (artifact id: '2659319fcdd217ed3de1ee2b641d6da8') in 0.006609 seconds
  Import took 0.008892 seconds .

========================================================================
Received Import Request.
  Time since last request: 0.000124 seconds.
  path: Assets/Tiles/Terrain (16x16)_103.asset
  artifactKey: Guid(013d6600b581c0b42aa662fb76bd9900) Importer(815301076,1909f56bfc062723c751e8b465ee728b)
Start importing Assets/Tiles/Terrain (16x16)_103.asset using Guid(013d6600b581c0b42aa662fb76bd9900) Importer(815301076,1909f56bfc062723c751e8b465ee728b)  -> (artifact id: '2ed0224510a8dc82fb5a0babeb8b7b2d') in 0.006963 seconds
  Import took 0.009219 seconds .

========================================================================
Received Import Request.
  Time since last request: 0.000155 seconds.
  path: Assets/Tiles/Terrain (16x16)_106.asset
  artifactKey: Guid(86006c4efd6954b49905fc2e312e7a0c) Importer(815301076,1909f56bfc062723c751e8b465ee728b)
Start importing Assets/Tiles/Terrain (16x16)_106.asset using Guid(86006c4efd6954b49905fc2e312e7a0c) Importer(815301076,1909f56bfc062723c751e8b465ee728b)  -> (artifact id: '2e14ade7bf17699f075224e59bc2063e') in 0.008845 seconds
  Import took 0.011325 seconds .

========================================================================
Received Import Request.
  Time since last request: 0.000131 seconds.
  path: Assets/Tiles/Terrain (16x16)_114.asset
  artifactKey: Guid(2ef546a7c96f659469f5a2f7d2a6b8c0) Importer(815301076,1909f56bfc062723c751e8b465ee728b)
Start importing Assets/Tiles/Terrain (16x16)_114.asset using Guid(2ef546a7c96f659469f5a2f7d2a6b8c0) Importer(815301076,1909f56bfc062723c751e8b465ee728b)  -> (artifact id: '174707a6e545077ebcc8e8ae6c2632e4') in 0.008298 seconds
  Import took 0.011224 seconds .

========================================================================
Received Import Request.
  Time since last request: 0.000126 seconds.
  path: Assets/Tiles/Terrain (16x16)_99.asset
  artifactKey: Guid(aea88c971007afe42821e4e195bb5dd5) Importer(815301076,1909f56bfc062723c751e8b465ee728b)
Start importing Assets/Tiles/Terrain (16x16)_99.asset using Guid(aea88c971007afe42821e4e195bb5dd5) Importer(815301076,1909f56bfc062723c751e8b465ee728b)  -> (artifact id: '367dd7def52a1bad8a81f9421c4f194a') in 0.006589 seconds
  Import took 0.009679 seconds .

========================================================================
Received Import Request.
  Time since last request: 0.000135 seconds.
  path: Assets/Tiles/Terrain (16x16)_112.asset
  artifactKey: Guid(929d8aac0b971e34d979283c82187531) Importer(815301076,1909f56bfc062723c751e8b465ee728b)
Start importing Assets/Tiles/Terrain (16x16)_112.asset using Guid(929d8aac0b971e34d979283c82187531) Importer(815301076,1909f56bfc062723c751e8b465ee728b)  -> (artifact id: '0701646a700bd8ec769929066143b7ee') in 0.006810 seconds
  Import took 0.009302 seconds .

========================================================================
Received Import Request.
  Time since last request: 0.000156 seconds.
  path: Assets/Tiles/Terrain (16x16)_111.asset
  artifactKey: Guid(7e4f9c7e928b8ea49aa5f882bb35d8b4) Importer(815301076,1909f56bfc062723c751e8b465ee728b)
Start importing Assets/Tiles/Terrain (16x16)_111.asset using Guid(7e4f9c7e928b8ea49aa5f882bb35d8b4) Importer(815301076,1909f56bfc062723c751e8b465ee728b)  -> (artifact id: '7c02a58a27de4d55259675de0a8fa7cd') in 0.008700 seconds
  Import took 0.011110 seconds .

========================================================================
Received Import Request.
  Time since last request: 0.000132 seconds.
  path: Assets/Tiles/Terrain (16x16)_107.asset
  artifactKey: Guid(fbb7eb220840f6d44a21573ec660d34e) Importer(815301076,1909f56bfc062723c751e8b465ee728b)
Start importing Assets/Tiles/Terrain (16x16)_107.asset using Guid(fbb7eb220840f6d44a21573ec660d34e) Importer(815301076,1909f56bfc062723c751e8b465ee728b)  -> (artifact id: '5ff9f7159b83e09777710e01ff337022') in 0.006251 seconds
  Import took 0.008589 seconds .

========================================================================
Received Import Request.
  Time since last request: 0.000124 seconds.
  path: Assets/Tiles/Terrain (16x16)_109.asset
  artifactKey: Guid(9527041a8a9bd6241a12f4bcd20ab831) Importer(815301076,1909f56bfc062723c751e8b465ee728b)
Start importing Assets/Tiles/Terrain (16x16)_109.asset using Guid(9527041a8a9bd6241a12f4bcd20ab831) Importer(815301076,1909f56bfc062723c751e8b465ee728b)  -> (artifact id: '076b04b47abfaafafb543d18df62a741') in 0.006647 seconds
  Import took 0.009022 seconds .

========================================================================
Received Import Request.
  Time since last request: 0.000124 seconds.
  path: Assets/Tiles/Terrain (16x16)_110.asset
  artifactKey: Guid(3b4330b0cf227ad46aefd47b036ad997) Importer(815301076,1909f56bfc062723c751e8b465ee728b)
Start importing Assets/Tiles/Terrain (16x16)_110.asset using Guid(3b4330b0cf227ad46aefd47b036ad997) Importer(815301076,1909f56bfc062723c751e8b465ee728b)  -> (artifact id: '9d5c89af7e4868d55193bbaad7231f4b') in 0.006646 seconds
  Import took 0.009015 seconds .

========================================================================
Received Import Request.
  Time since last request: 0.000130 seconds.
  path: Assets/Tiles/Terrain (16x16)_101.asset
  artifactKey: Guid(fa79ce05e1ded3541867785990a31642) Importer(815301076,1909f56bfc062723c751e8b465ee728b)
Start importing Assets/Tiles/Terrain (16x16)_101.asset using Guid(fa79ce05e1ded3541867785990a31642) Importer(815301076,1909f56bfc062723c751e8b465ee728b)  -> (artifact id: '50ffee65fb53ba1ef8d56f8e63d4bf92') in 0.007310 seconds
  Import took 0.009702 seconds .

========================================================================
Received Import Request.
  Time since last request: 0.000164 seconds.
  path: Assets/Tiles/Terrain (16x16)_102.asset
  artifactKey: Guid(1fe6c88ea1089b742823d02ef835d505) Importer(815301076,1909f56bfc062723c751e8b465ee728b)
Start importing Assets/Tiles/Terrain (16x16)_102.asset using Guid(1fe6c88ea1089b742823d02ef835d505) Importer(815301076,1909f56bfc062723c751e8b465ee728b)  -> (artifact id: '35b5c7a729d304f405dc72bbced4ff0d') in 0.007904 seconds
  Import took 0.011232 seconds .

========================================================================
Received Import Request.
  Time since last request: 0.001534 seconds.
  path: Assets/Tiles/Terrain (16x16)_102.asset
  artifactKey: Guid(1fe6c88ea1089b742823d02ef835d505) Importer(815301076,1909f56bfc062723c751e8b465ee728b)
Start importing Assets/Tiles/Terrain (16x16)_102.asset using Guid(1fe6c88ea1089b742823d02ef835d505) Importer(815301076,1909f56bfc062723c751e8b465ee728b)  -> (artifact id: '35b5c7a729d304f405dc72bbced4ff0d') in 0.004280 seconds
  Import took 0.007023 seconds .

========================================================================
Received Import Request.
  Time since last request: 0.080355 seconds.
  path: Assets/Tiles/Terrain (16x16)_115.asset
  artifactKey: Guid(6a84347348c899e4f92cc89869bbe8af) Importer(815301076,1909f56bfc062723c751e8b465ee728b)
Start importing Assets/Tiles/Terrain (16x16)_115.asset using Guid(6a84347348c899e4f92cc89869bbe8af) Importer(815301076,1909f56bfc062723c751e8b465ee728b)  -> (artifact id: '35756243a7f0a3c6e6c2b774d56193e8') in 0.006482 seconds
  Import took 0.009096 seconds .

========================================================================
Received Import Request.
  Time since last request: 0.000122 seconds.
  path: Assets/Tiles/Terrain (16x16)_116.asset
  artifactKey: Guid(7855dc7844a866a4d839326f8e495002) Importer(815301076,1909f56bfc062723c751e8b465ee728b)
Start importing Assets/Tiles/Terrain (16x16)_116.asset using Guid(7855dc7844a866a4d839326f8e495002) Importer(815301076,1909f56bfc062723c751e8b465ee728b)  -> (artifact id: '049f32443b47e9028f50bebe39f21eae') in 0.008285 seconds
  Import took 0.010565 seconds .

========================================================================
Received Import Request.
  Time since last request: 0.000122 seconds.
  path: Assets/Tiles/Terrain (16x16)_119.asset
  artifactKey: Guid(7b67edef752c2d348b99b4cdc6bf3063) Importer(815301076,1909f56bfc062723c751e8b465ee728b)
Start importing Assets/Tiles/Terrain (16x16)_119.asset using Guid(7b67edef752c2d348b99b4cdc6bf3063) Importer(815301076,1909f56bfc062723c751e8b465ee728b)  -> (artifact id: '21266bad88c1b05d97492260af991ebc') in 0.006414 seconds
  Import took 0.009081 seconds .

========================================================================
Received Import Request.
  Time since last request: 0.000144 seconds.
  path: Assets/Tiles/Terrain (16x16)_118.asset
  artifactKey: Guid(988736535e35879478fdf739bd1e83d9) Importer(815301076,1909f56bfc062723c751e8b465ee728b)
Start importing Assets/Tiles/Terrain (16x16)_118.asset using Guid(988736535e35879478fdf739bd1e83d9) Importer(815301076,1909f56bfc062723c751e8b465ee728b)  -> (artifact id: '83c26acdd3c1e364bc0afe4411831ab1') in 0.007143 seconds
  Import took 0.009508 seconds .

========================================================================
Received Import Request.
  Time since last request: 0.000160 seconds.
  path: Assets/Tiles/Terrain (16x16)_120.asset
  artifactKey: Guid(c0cbcb232bc29504198dbfb1bed8ad7c) Importer(815301076,1909f56bfc062723c751e8b465ee728b)
Start importing Assets/Tiles/Terrain (16x16)_120.asset using Guid(c0cbcb232bc29504198dbfb1bed8ad7c) Importer(815301076,1909f56bfc062723c751e8b465ee728b)  -> (artifact id: '8db22ea17319c3022b40ba468aedd238') in 0.008675 seconds
  Import took 0.011410 seconds .

========================================================================
Received Import Request.
  Time since last request: 0.000109 seconds.
  path: Assets/Tiles/Terrain (16x16)_126.asset
  artifactKey: Guid(eee8ff1fb58d03748a7a257e07f9716d) Importer(815301076,1909f56bfc062723c751e8b465ee728b)
Start importing Assets/Tiles/Terrain (16x16)_126.asset using Guid(eee8ff1fb58d03748a7a257e07f9716d) Importer(815301076,1909f56bfc062723c751e8b465ee728b)  -> (artifact id: 'fb731dc96813caa2bfe1a2920412db99') in 0.006733 seconds
  Import took 0.009066 seconds .

========================================================================
Received Import Request.
  Time since last request: 0.000138 seconds.
  path: Assets/Tiles/Terrain (16x16)_125.asset
  artifactKey: Guid(b75c66e76171f9b408af21501ef1373a) Importer(815301076,1909f56bfc062723c751e8b465ee728b)
Start importing Assets/Tiles/Terrain (16x16)_125.asset using Guid(b75c66e76171f9b408af21501ef1373a) Importer(815301076,1909f56bfc062723c751e8b465ee728b)  -> (artifact id: '539af21037d69e88ffcad8701fdf5d20') in 0.007906 seconds
  Import took 0.010576 seconds .

========================================================================
Received Import Request.
  Time since last request: 0.000121 seconds.
  path: Assets/Tiles/Terrain (16x16)_127.asset
  artifactKey: Guid(f56fef1c410668049915f5b796b3638d) Importer(815301076,1909f56bfc062723c751e8b465ee728b)
Start importing Assets/Tiles/Terrain (16x16)_127.asset using Guid(f56fef1c410668049915f5b796b3638d) Importer(815301076,1909f56bfc062723c751e8b465ee728b)  -> (artifact id: '037cf828d7aaa9976724c6c93e7bd823') in 0.007497 seconds
  Import took 0.009817 seconds .

========================================================================
Received Import Request.
  Time since last request: 0.000120 seconds.
  path: Assets/Tiles/Terrain (16x16)_130.asset
  artifactKey: Guid(18cb98fea3e31124197b0ecca872fc19) Importer(815301076,1909f56bfc062723c751e8b465ee728b)
Start importing Assets/Tiles/Terrain (16x16)_130.asset using Guid(18cb98fea3e31124197b0ecca872fc19) Importer(815301076,1909f56bfc062723c751e8b465ee728b)  -> (artifact id: '1a4e898ab5dfd4a5644224e7db819782') in 0.007420 seconds
  Import took 0.010240 seconds .

========================================================================
Received Import Request.
  Time since last request: 0.000123 seconds.
  path: Assets/Tiles/Terrain (16x16)_124.asset
  artifactKey: Guid(74b989bfbc3fd9a488869405a9f3c240) Importer(815301076,1909f56bfc062723c751e8b465ee728b)
Start importing Assets/Tiles/Terrain (16x16)_124.asset using Guid(74b989bfbc3fd9a488869405a9f3c240) Importer(815301076,1909f56bfc062723c751e8b465ee728b)  -> (artifact id: 'd529e19e8603e1749737bfad182e3176') in 0.006577 seconds
  Import took 0.008954 seconds .

========================================================================
Received Import Request.
  Time since last request: 0.000120 seconds.
  path: Assets/Tiles/Terrain (16x16)_131.asset
  artifactKey: Guid(12deebc951ee70d44bf0d30d2a0b0cf4) Importer(815301076,1909f56bfc062723c751e8b465ee728b)
Start importing Assets/Tiles/Terrain (16x16)_131.asset using Guid(12deebc951ee70d44bf0d30d2a0b0cf4) Importer(815301076,1909f56bfc062723c751e8b465ee728b)  -> (artifact id: 'f79c04d13ccacb54a64fb39054ef1d58') in 0.006371 seconds
  Import took 0.008683 seconds .

========================================================================
Received Import Request.
  Time since last request: 0.000123 seconds.
  path: Assets/Tiles/Terrain (16x16)_128.asset
  artifactKey: Guid(25094f84c6ef7e041b8b91ee76c95de8) Importer(815301076,1909f56bfc062723c751e8b465ee728b)
Start importing Assets/Tiles/Terrain (16x16)_128.asset using Guid(25094f84c6ef7e041b8b91ee76c95de8) Importer(815301076,1909f56bfc062723c751e8b465ee728b)  -> (artifact id: '91583ecafb7e88f7b609641c1807aff8') in 0.009221 seconds
  Import took 0.011546 seconds .

========================================================================
Received Import Request.
  Time since last request: 0.000137 seconds.
  path: Assets/Tiles/Terrain (16x16)_123.asset
  artifactKey: Guid(7810ea14c0de74241afb2f431dc3fbcc) Importer(815301076,1909f56bfc062723c751e8b465ee728b)
Start importing Assets/Tiles/Terrain (16x16)_123.asset using Guid(7810ea14c0de74241afb2f431dc3fbcc) Importer(815301076,1909f56bfc062723c751e8b465ee728b)  -> (artifact id: '5e65e8cb96606c5551619927b76562c0') in 0.006521 seconds
  Import took 0.008970 seconds .

========================================================================
Received Import Request.
  Time since last request: 0.000143 seconds.
  path: Assets/Tiles/Terrain (16x16)_121.asset
  artifactKey: Guid(fcb751d91bf47d5459da80f9b6761d62) Importer(815301076,1909f56bfc062723c751e8b465ee728b)
Start importing Assets/Tiles/Terrain (16x16)_121.asset using Guid(fcb751d91bf47d5459da80f9b6761d62) Importer(815301076,1909f56bfc062723c751e8b465ee728b)  -> (artifact id: 'ca27900c3badbe8fbb12da90aea3f885') in 0.007348 seconds
  Import took 0.010279 seconds .

========================================================================
Received Import Request.
  Time since last request: 0.000136 seconds.
  path: Assets/Tiles/Terrain (16x16)_129.asset
  artifactKey: Guid(7020babf1c5a13143a71ca4b057b5e77) Importer(815301076,1909f56bfc062723c751e8b465ee728b)
Start importing Assets/Tiles/Terrain (16x16)_129.asset using Guid(7020babf1c5a13143a71ca4b057b5e77) Importer(815301076,1909f56bfc062723c751e8b465ee728b)  -> (artifact id: '3d5dae270c434e0e43bf856a37edaac9') in 0.006841 seconds
  Import took 0.009199 seconds .

========================================================================
Received Import Request.
  Time since last request: 0.000147 seconds.
  path: Assets/Tiles/Terrain (16x16)_122.asset
  artifactKey: Guid(c6c5fb747a0ed494d95a62b23864b96c) Importer(815301076,1909f56bfc062723c751e8b465ee728b)
Start importing Assets/Tiles/Terrain (16x16)_122.asset using Guid(c6c5fb747a0ed494d95a62b23864b96c) Importer(815301076,1909f56bfc062723c751e8b465ee728b)  -> (artifact id: '267f2efca10f4d0c39c6d24f328a23ef') in 0.006652 seconds
  Import took 0.009085 seconds .

========================================================================
Received Import Request.
  Time since last request: 0.000121 seconds.
  path: Assets/Tiles/Terrain (16x16)_132.asset
  artifactKey: Guid(0021a2a4580222548bcfa171fbd77a7d) Importer(815301076,1909f56bfc062723c751e8b465ee728b)
Start importing Assets/Tiles/Terrain (16x16)_132.asset using Guid(0021a2a4580222548bcfa171fbd77a7d) Importer(815301076,1909f56bfc062723c751e8b465ee728b)  -> (artifact id: '84f2243e8bdb3b2bdd5726d4265cf895') in 0.006697 seconds
  Import took 0.009066 seconds .

========================================================================
Received Import Request.
  Time since last request: 0.000148 seconds.
  path: Assets/Tiles/Terrain (16x16)_117.asset
  artifactKey: Guid(6e7fee4105973274e8743bc847124b58) Importer(815301076,1909f56bfc062723c751e8b465ee728b)
Start importing Assets/Tiles/Terrain (16x16)_117.asset using Guid(6e7fee4105973274e8743bc847124b58) Importer(815301076,1909f56bfc062723c751e8b465ee728b)  -> (artifact id: '147c2fdfa77330029176dd4c11bc94d4') in 0.006549 seconds
  Import took 0.009050 seconds .

========================================================================
Received Import Request.
  Time since last request: 0.207626 seconds.
  path: Assets/Tiles/Terrain (16x16)_133.asset
  artifactKey: Guid(76412c01c619d824d991e33f370aa6e2) Importer(815301076,1909f56bfc062723c751e8b465ee728b)
Start importing Assets/Tiles/Terrain (16x16)_133.asset using Guid(76412c01c619d824d991e33f370aa6e2) Importer(815301076,1909f56bfc062723c751e8b465ee728b)  -> (artifact id: '854467bdea6218df030ebf8ce5c3b7de') in 0.006915 seconds
  Import took 0.009539 seconds .

========================================================================
Received Import Request.
  Time since last request: 0.000170 seconds.
  path: Assets/Tiles/Terrain (16x16)_137.asset
  artifactKey: Guid(8309762c0b5f6b84bad4ec460675f707) Importer(815301076,1909f56bfc062723c751e8b465ee728b)
Start importing Assets/Tiles/Terrain (16x16)_137.asset using Guid(8309762c0b5f6b84bad4ec460675f707) Importer(815301076,1909f56bfc062723c751e8b465ee728b)  -> (artifact id: '7c936d650bd22fd24b0bf243e6c6eaf4') in 0.007218 seconds
  Import took 0.010235 seconds .

========================================================================
Received Import Request.
  Time since last request: 0.000130 seconds.
  path: Assets/Tiles/Terrain (16x16)_138.asset
  artifactKey: Guid(dfc81062d3b3fa94ea1142742cf0a210) Importer(815301076,1909f56bfc062723c751e8b465ee728b)
Start importing Assets/Tiles/Terrain (16x16)_138.asset using Guid(dfc81062d3b3fa94ea1142742cf0a210) Importer(815301076,1909f56bfc062723c751e8b465ee728b)  -> (artifact id: '2cad6163916be36e481cea7e697c209e') in 0.006802 seconds
  Import took 0.009342 seconds .

========================================================================
Received Import Request.
  Time since last request: 0.000120 seconds.
  path: Assets/Tiles/Terrain (16x16)_142.asset
  artifactKey: Guid(64a5878a6cb54fa44bdbdf886731c0b7) Importer(815301076,1909f56bfc062723c751e8b465ee728b)
Start importing Assets/Tiles/Terrain (16x16)_142.asset using Guid(64a5878a6cb54fa44bdbdf886731c0b7) Importer(815301076,1909f56bfc062723c751e8b465ee728b)  -> (artifact id: 'ff5fa65c17c3ba5adf459a33687b3ff5') in 0.007950 seconds
  Import took 0.010585 seconds .

========================================================================
Received Import Request.
  Time since last request: 0.000132 seconds.
  path: Assets/Tiles/Terrain (16x16)_143.asset
  artifactKey: Guid(54fdfdaa060819c4ba97245d17e6aae4) Importer(815301076,1909f56bfc062723c751e8b465ee728b)
Start importing Assets/Tiles/Terrain (16x16)_143.asset using Guid(54fdfdaa060819c4ba97245d17e6aae4) Importer(815301076,1909f56bfc062723c751e8b465ee728b)  -> (artifact id: '6fa1363035e934653a87185b436938db') in 0.013681 seconds
  Import took 0.016245 seconds .

========================================================================
Received Import Request.
  Time since last request: 0.000137 seconds.
  path: Assets/Tiles/Terrain (16x16)_136.asset
  artifactKey: Guid(10c00072c9473324db9c9a93c4ac97bb) Importer(815301076,1909f56bfc062723c751e8b465ee728b)
Start importing Assets/Tiles/Terrain (16x16)_136.asset using Guid(10c00072c9473324db9c9a93c4ac97bb) Importer(815301076,1909f56bfc062723c751e8b465ee728b)  -> (artifact id: 'c96db13f1ec8b45e38a28e508386719c') in 0.008081 seconds
  Import took 0.010611 seconds .

========================================================================
Received Import Request.
  Time since last request: 0.000117 seconds.
  path: Assets/Tiles/Terrain (16x16)_139.asset
  artifactKey: Guid(feab12636b9cb5e41a15bd00695b8716) Importer(815301076,1909f56bfc062723c751e8b465ee728b)
Start importing Assets/Tiles/Terrain (16x16)_139.asset using Guid(feab12636b9cb5e41a15bd00695b8716) Importer(815301076,1909f56bfc062723c751e8b465ee728b)  -> (artifact id: '2860ade2a9b2c218e72cea1284677c0c') in 0.007044 seconds
  Import took 0.010163 seconds .

========================================================================
Received Import Request.
  Time since last request: 0.000122 seconds.
  path: Assets/Tiles/Terrain (16x16)_141.asset
  artifactKey: Guid(0906f4ab4fd002749958ed1281ff9198) Importer(815301076,1909f56bfc062723c751e8b465ee728b)
Start importing Assets/Tiles/Terrain (16x16)_141.asset using Guid(0906f4ab4fd002749958ed1281ff9198) Importer(815301076,1909f56bfc062723c751e8b465ee728b)  -> (artifact id: 'c5697e7b92aaae50dbdffc27f10baa62') in 0.008393 seconds
  Import took 0.010921 seconds .

========================================================================
Received Import Request.
  Time since last request: 0.000120 seconds.
  path: Assets/Tiles/Terrain (16x16)_134.asset
  artifactKey: Guid(efd7ae30e886c38418ca53878d2dc2e1) Importer(815301076,1909f56bfc062723c751e8b465ee728b)
Start importing Assets/Tiles/Terrain (16x16)_134.asset using Guid(efd7ae30e886c38418ca53878d2dc2e1) Importer(815301076,1909f56bfc062723c751e8b465ee728b)  -> (artifact id: 'bcc1c4b3abd09b80d65ca310e97ea43c') in 0.006897 seconds
  Import took 0.009612 seconds .

========================================================================
Received Import Request.
  Time since last request: 0.000146 seconds.
  path: Assets/Tiles/TileMap.prefab
  artifactKey: Guid(64b85861fd3941f42b8c414132b9e2e1) Importer(815301076,1909f56bfc062723c751e8b465ee728b)
Start importing Assets/Tiles/TileMap.prefab using Guid(64b85861fd3941f42b8c414132b9e2e1) Importer(815301076,1909f56bfc062723c751e8b465ee728b)  -> (artifact id: 'ea5d18e533bce7806707008a673b7591') in 0.010219 seconds
  Import took 0.012731 seconds .

========================================================================
Received Import Request.
  Time since last request: 0.000149 seconds.
  path: Assets/Tiles/Terrain (16x16)_135.asset
  artifactKey: Guid(b9b5360ae070f094b94ece5c2a3ea624) Importer(815301076,1909f56bfc062723c751e8b465ee728b)
Start importing Assets/Tiles/Terrain (16x16)_135.asset using Guid(b9b5360ae070f094b94ece5c2a3ea624) Importer(815301076,1909f56bfc062723c751e8b465ee728b)  -> (artifact id: 'f17c50443f193399125229dddd99a219') in 0.008585 seconds
  Import took 0.011317 seconds .

========================================================================
Received Import Request.
  Time since last request: 0.000138 seconds.
  path: Assets/Tiles/Terrain (16x16)_140.asset
  artifactKey: Guid(5d543f7ba48c2ad4cb12bec3bfbd06f8) Importer(815301076,1909f56bfc062723c751e8b465ee728b)
Start importing Assets/Tiles/Terrain (16x16)_140.asset using Guid(5d543f7ba48c2ad4cb12bec3bfbd06f8) Importer(815301076,1909f56bfc062723c751e8b465ee728b)  -> (artifact id: '04a9ec564319c5767eaf1e06aa5571c6') in 0.008674 seconds
  Import took 0.011241 seconds .

AssetImportWorkerClient::OnTransportError - code=2 error=End of file
